[2024-06-24T04:00:12.861+0000] {processor.py:161} INFO - Started process (PID=49) to work on /home/airflow/.local/lib/python3.12/site-packages/airflow/example_dags/example_external_task_marker_dag.py
[2024-06-24T04:00:12.863+0000] {processor.py:830} INFO - Processing file /home/airflow/.local/lib/python3.12/site-packages/airflow/example_dags/example_external_task_marker_dag.py for tasks to queue
[2024-06-24T04:00:12.866+0000] {logging_mixin.py:188} INFO - [2024-06-24T04:00:12.865+0000] {dagbag.py:545} INFO - Filling up the DagBag from /home/airflow/.local/lib/python3.12/site-packages/airflow/example_dags/example_external_task_marker_dag.py
[2024-06-24T04:00:12.875+0000] {processor.py:840} INFO - DAG(s) 'example_external_task_marker_child', 'example_external_task_marker_parent' retrieved from /home/airflow/.local/lib/python3.12/site-packages/airflow/example_dags/example_external_task_marker_dag.py
[2024-06-24T04:00:12.910+0000] {logging_mixin.py:188} INFO - [2024-06-24T04:00:12.909+0000] {dag.py:3096} INFO - Sync 2 DAGs
[2024-06-24T04:00:12.922+0000] {logging_mixin.py:188} INFO - [2024-06-24T04:00:12.922+0000] {dag.py:3954} INFO - Setting next_dagrun for example_external_task_marker_child to None, run_after=None
[2024-06-24T04:00:12.925+0000] {logging_mixin.py:188} INFO - [2024-06-24T04:00:12.925+0000] {dag.py:3954} INFO - Setting next_dagrun for example_external_task_marker_parent to None, run_after=None
[2024-06-24T04:00:12.938+0000] {processor.py:183} INFO - Processing /home/airflow/.local/lib/python3.12/site-packages/airflow/example_dags/example_external_task_marker_dag.py took 0.085 seconds
[2024-06-24T04:00:43.391+0000] {processor.py:161} INFO - Started process (PID=107) to work on /home/airflow/.local/lib/python3.12/site-packages/airflow/example_dags/example_external_task_marker_dag.py
[2024-06-24T04:00:43.392+0000] {processor.py:830} INFO - Processing file /home/airflow/.local/lib/python3.12/site-packages/airflow/example_dags/example_external_task_marker_dag.py for tasks to queue
[2024-06-24T04:00:43.394+0000] {logging_mixin.py:188} INFO - [2024-06-24T04:00:43.393+0000] {dagbag.py:545} INFO - Filling up the DagBag from /home/airflow/.local/lib/python3.12/site-packages/airflow/example_dags/example_external_task_marker_dag.py
[2024-06-24T04:00:43.398+0000] {processor.py:840} INFO - DAG(s) 'example_external_task_marker_parent', 'example_external_task_marker_child' retrieved from /home/airflow/.local/lib/python3.12/site-packages/airflow/example_dags/example_external_task_marker_dag.py
[2024-06-24T04:00:43.457+0000] {logging_mixin.py:188} INFO - [2024-06-24T04:00:43.457+0000] {dag.py:3096} INFO - Sync 2 DAGs
[2024-06-24T04:00:43.463+0000] {logging_mixin.py:188} INFO - [2024-06-24T04:00:43.463+0000] {dag.py:3954} INFO - Setting next_dagrun for example_external_task_marker_child to None, run_after=None
[2024-06-24T04:00:43.465+0000] {logging_mixin.py:188} INFO - [2024-06-24T04:00:43.464+0000] {dag.py:3954} INFO - Setting next_dagrun for example_external_task_marker_parent to None, run_after=None
[2024-06-24T04:00:43.475+0000] {processor.py:183} INFO - Processing /home/airflow/.local/lib/python3.12/site-packages/airflow/example_dags/example_external_task_marker_dag.py took 0.088 seconds
[2024-06-24T04:01:14.062+0000] {processor.py:161} INFO - Started process (PID=165) to work on /home/airflow/.local/lib/python3.12/site-packages/airflow/example_dags/example_external_task_marker_dag.py
[2024-06-24T04:01:14.063+0000] {processor.py:830} INFO - Processing file /home/airflow/.local/lib/python3.12/site-packages/airflow/example_dags/example_external_task_marker_dag.py for tasks to queue
[2024-06-24T04:01:14.064+0000] {logging_mixin.py:188} INFO - [2024-06-24T04:01:14.063+0000] {dagbag.py:545} INFO - Filling up the DagBag from /home/airflow/.local/lib/python3.12/site-packages/airflow/example_dags/example_external_task_marker_dag.py
[2024-06-24T04:01:14.067+0000] {processor.py:840} INFO - DAG(s) 'example_external_task_marker_parent', 'example_external_task_marker_child' retrieved from /home/airflow/.local/lib/python3.12/site-packages/airflow/example_dags/example_external_task_marker_dag.py
[2024-06-24T04:01:14.082+0000] {logging_mixin.py:188} INFO - [2024-06-24T04:01:14.082+0000] {dag.py:3096} INFO - Sync 2 DAGs
[2024-06-24T04:01:14.089+0000] {logging_mixin.py:188} INFO - [2024-06-24T04:01:14.089+0000] {dag.py:3954} INFO - Setting next_dagrun for example_external_task_marker_child to None, run_after=None
[2024-06-24T04:01:14.092+0000] {logging_mixin.py:188} INFO - [2024-06-24T04:01:14.091+0000] {dag.py:3954} INFO - Setting next_dagrun for example_external_task_marker_parent to None, run_after=None
[2024-06-24T04:01:14.114+0000] {processor.py:183} INFO - Processing /home/airflow/.local/lib/python3.12/site-packages/airflow/example_dags/example_external_task_marker_dag.py took 0.056 seconds
[2024-06-24T04:01:44.486+0000] {processor.py:161} INFO - Started process (PID=223) to work on /home/airflow/.local/lib/python3.12/site-packages/airflow/example_dags/example_external_task_marker_dag.py
[2024-06-24T04:01:44.487+0000] {processor.py:830} INFO - Processing file /home/airflow/.local/lib/python3.12/site-packages/airflow/example_dags/example_external_task_marker_dag.py for tasks to queue
[2024-06-24T04:01:44.488+0000] {logging_mixin.py:188} INFO - [2024-06-24T04:01:44.488+0000] {dagbag.py:545} INFO - Filling up the DagBag from /home/airflow/.local/lib/python3.12/site-packages/airflow/example_dags/example_external_task_marker_dag.py
[2024-06-24T04:01:44.492+0000] {processor.py:840} INFO - DAG(s) 'example_external_task_marker_child', 'example_external_task_marker_parent' retrieved from /home/airflow/.local/lib/python3.12/site-packages/airflow/example_dags/example_external_task_marker_dag.py
[2024-06-24T04:01:44.506+0000] {logging_mixin.py:188} INFO - [2024-06-24T04:01:44.506+0000] {dag.py:3096} INFO - Sync 2 DAGs
[2024-06-24T04:01:44.512+0000] {logging_mixin.py:188} INFO - [2024-06-24T04:01:44.512+0000] {dag.py:3954} INFO - Setting next_dagrun for example_external_task_marker_child to None, run_after=None
[2024-06-24T04:01:44.514+0000] {logging_mixin.py:188} INFO - [2024-06-24T04:01:44.514+0000] {dag.py:3954} INFO - Setting next_dagrun for example_external_task_marker_parent to None, run_after=None
[2024-06-24T04:01:44.522+0000] {processor.py:183} INFO - Processing /home/airflow/.local/lib/python3.12/site-packages/airflow/example_dags/example_external_task_marker_dag.py took 0.039 seconds
