[2024-06-24T04:00:13.314+0000] {processor.py:161} INFO - Started process (PID=56) to work on /home/airflow/.local/lib/python3.12/site-packages/airflow/example_dags/example_latest_only_with_trigger.py
[2024-06-24T04:00:13.316+0000] {processor.py:830} INFO - Processing file /home/airflow/.local/lib/python3.12/site-packages/airflow/example_dags/example_latest_only_with_trigger.py for tasks to queue
[2024-06-24T04:00:13.319+0000] {logging_mixin.py:188} INFO - [2024-06-24T04:00:13.318+0000] {dagbag.py:545} INFO - Filling up the DagBag from /home/airflow/.local/lib/python3.12/site-packages/airflow/example_dags/example_latest_only_with_trigger.py
[2024-06-24T04:00:13.327+0000] {processor.py:840} INFO - DAG(s) 'latest_only_with_trigger' retrieved from /home/airflow/.local/lib/python3.12/site-packages/airflow/example_dags/example_latest_only_with_trigger.py
[2024-06-24T04:00:13.337+0000] {logging_mixin.py:188} INFO - [2024-06-24T04:00:13.337+0000] {dag.py:3096} INFO - Sync 1 DAGs
[2024-06-24T04:00:13.383+0000] {logging_mixin.py:188} INFO - [2024-06-24T04:00:13.383+0000] {dag.py:3954} INFO - Setting next_dagrun for latest_only_with_trigger to 2024-06-24 00:00:00+00:00, run_after=2024-06-24 04:00:00+00:00
[2024-06-24T04:00:13.396+0000] {processor.py:183} INFO - Processing /home/airflow/.local/lib/python3.12/site-packages/airflow/example_dags/example_latest_only_with_trigger.py took 0.095 seconds
[2024-06-24T04:00:43.752+0000] {processor.py:161} INFO - Started process (PID=114) to work on /home/airflow/.local/lib/python3.12/site-packages/airflow/example_dags/example_latest_only_with_trigger.py
[2024-06-24T04:00:43.753+0000] {processor.py:830} INFO - Processing file /home/airflow/.local/lib/python3.12/site-packages/airflow/example_dags/example_latest_only_with_trigger.py for tasks to queue
[2024-06-24T04:00:43.755+0000] {logging_mixin.py:188} INFO - [2024-06-24T04:00:43.755+0000] {dagbag.py:545} INFO - Filling up the DagBag from /home/airflow/.local/lib/python3.12/site-packages/airflow/example_dags/example_latest_only_with_trigger.py
[2024-06-24T04:00:43.759+0000] {processor.py:840} INFO - DAG(s) 'latest_only_with_trigger' retrieved from /home/airflow/.local/lib/python3.12/site-packages/airflow/example_dags/example_latest_only_with_trigger.py
[2024-06-24T04:00:43.813+0000] {logging_mixin.py:188} INFO - [2024-06-24T04:00:43.813+0000] {dag.py:3096} INFO - Sync 1 DAGs
[2024-06-24T04:00:43.824+0000] {logging_mixin.py:188} INFO - [2024-06-24T04:00:43.824+0000] {dag.py:3954} INFO - Setting next_dagrun for latest_only_with_trigger to 2024-06-24 00:00:00+00:00, run_after=2024-06-24 04:00:00+00:00
[2024-06-24T04:00:43.835+0000] {processor.py:183} INFO - Processing /home/airflow/.local/lib/python3.12/site-packages/airflow/example_dags/example_latest_only_with_trigger.py took 0.086 seconds
[2024-06-24T04:01:14.371+0000] {processor.py:161} INFO - Started process (PID=172) to work on /home/airflow/.local/lib/python3.12/site-packages/airflow/example_dags/example_latest_only_with_trigger.py
[2024-06-24T04:01:14.372+0000] {processor.py:830} INFO - Processing file /home/airflow/.local/lib/python3.12/site-packages/airflow/example_dags/example_latest_only_with_trigger.py for tasks to queue
[2024-06-24T04:01:14.374+0000] {logging_mixin.py:188} INFO - [2024-06-24T04:01:14.373+0000] {dagbag.py:545} INFO - Filling up the DagBag from /home/airflow/.local/lib/python3.12/site-packages/airflow/example_dags/example_latest_only_with_trigger.py
[2024-06-24T04:01:14.377+0000] {processor.py:840} INFO - DAG(s) 'latest_only_with_trigger' retrieved from /home/airflow/.local/lib/python3.12/site-packages/airflow/example_dags/example_latest_only_with_trigger.py
[2024-06-24T04:01:14.389+0000] {logging_mixin.py:188} INFO - [2024-06-24T04:01:14.389+0000] {dag.py:3096} INFO - Sync 1 DAGs
[2024-06-24T04:01:14.401+0000] {logging_mixin.py:188} INFO - [2024-06-24T04:01:14.401+0000] {dag.py:3954} INFO - Setting next_dagrun for latest_only_with_trigger to 2024-06-24 00:00:00+00:00, run_after=2024-06-24 04:00:00+00:00
[2024-06-24T04:01:14.411+0000] {processor.py:183} INFO - Processing /home/airflow/.local/lib/python3.12/site-packages/airflow/example_dags/example_latest_only_with_trigger.py took 0.043 seconds
[2024-06-24T04:01:44.753+0000] {processor.py:161} INFO - Started process (PID=230) to work on /home/airflow/.local/lib/python3.12/site-packages/airflow/example_dags/example_latest_only_with_trigger.py
[2024-06-24T04:01:44.754+0000] {processor.py:830} INFO - Processing file /home/airflow/.local/lib/python3.12/site-packages/airflow/example_dags/example_latest_only_with_trigger.py for tasks to queue
[2024-06-24T04:01:44.755+0000] {logging_mixin.py:188} INFO - [2024-06-24T04:01:44.755+0000] {dagbag.py:545} INFO - Filling up the DagBag from /home/airflow/.local/lib/python3.12/site-packages/airflow/example_dags/example_latest_only_with_trigger.py
[2024-06-24T04:01:44.759+0000] {processor.py:840} INFO - DAG(s) 'latest_only_with_trigger' retrieved from /home/airflow/.local/lib/python3.12/site-packages/airflow/example_dags/example_latest_only_with_trigger.py
[2024-06-24T04:01:44.772+0000] {logging_mixin.py:188} INFO - [2024-06-24T04:01:44.771+0000] {dag.py:3096} INFO - Sync 1 DAGs
[2024-06-24T04:01:44.784+0000] {logging_mixin.py:188} INFO - [2024-06-24T04:01:44.784+0000] {dag.py:3954} INFO - Setting next_dagrun for latest_only_with_trigger to 2024-06-24 00:00:00+00:00, run_after=2024-06-24 04:00:00+00:00
[2024-06-24T04:01:44.793+0000] {processor.py:183} INFO - Processing /home/airflow/.local/lib/python3.12/site-packages/airflow/example_dags/example_latest_only_with_trigger.py took 0.043 seconds
