[2024-06-24T04:00:12.074+0000] {processor.py:161} INFO - Started process (PID=37) to work on /home/airflow/.local/lib/python3.12/site-packages/airflow/example_dags/example_subdag_operator.py
[2024-06-24T04:00:12.076+0000] {processor.py:830} INFO - Processing file /home/airflow/.local/lib/python3.12/site-packages/airflow/example_dags/example_subdag_operator.py for tasks to queue
[2024-06-24T04:00:12.081+0000] {logging_mixin.py:188} INFO - [2024-06-24T04:00:12.081+0000] {dagbag.py:545} INFO - Filling up the DagBag from /home/airflow/.local/lib/python3.12/site-packages/airflow/example_dags/example_subdag_operator.py
[2024-06-24T04:00:12.123+0000] {processor.py:840} INFO - DAG(s) 'example_subdag_operator.section-1', 'example_subdag_operator.section-2', 'example_subdag_operator' retrieved from /home/airflow/.local/lib/python3.12/site-packages/airflow/example_dags/example_subdag_operator.py
[2024-06-24T04:00:12.128+0000] {logging_mixin.py:188} INFO - [2024-06-24T04:00:12.127+0000] {dag.py:3096} INFO - Sync 3 DAGs
[2024-06-24T04:00:12.147+0000] {logging_mixin.py:188} INFO - [2024-06-24T04:00:12.146+0000] {dag.py:3954} INFO - Setting next_dagrun for example_subdag_operator to 2022-01-01 00:00:00+00:00, run_after=2022-01-01 00:00:00+00:00
[2024-06-24T04:00:12.156+0000] {logging_mixin.py:188} INFO - [2024-06-24T04:00:12.156+0000] {dag.py:3954} INFO - Setting next_dagrun for example_subdag_operator.section-1 to None, run_after=None
[2024-06-24T04:00:12.158+0000] {logging_mixin.py:188} INFO - [2024-06-24T04:00:12.158+0000] {dag.py:3954} INFO - Setting next_dagrun for example_subdag_operator.section-2 to None, run_after=None
[2024-06-24T04:00:12.164+0000] {logging_mixin.py:188} INFO - [2024-06-24T04:00:12.164+0000] {dag.py:3096} INFO - Sync 2 DAGs
[2024-06-24T04:00:12.169+0000] {logging_mixin.py:188} INFO - [2024-06-24T04:00:12.169+0000] {dag.py:3954} INFO - Setting next_dagrun for example_subdag_operator.section-1 to None, run_after=None
[2024-06-24T04:00:12.170+0000] {logging_mixin.py:188} INFO - [2024-06-24T04:00:12.170+0000] {dag.py:3954} INFO - Setting next_dagrun for example_subdag_operator.section-2 to None, run_after=None
[2024-06-24T04:00:12.185+0000] {processor.py:183} INFO - Processing /home/airflow/.local/lib/python3.12/site-packages/airflow/example_dags/example_subdag_operator.py took 0.121 seconds
[2024-06-24T04:00:42.598+0000] {processor.py:161} INFO - Started process (PID=95) to work on /home/airflow/.local/lib/python3.12/site-packages/airflow/example_dags/example_subdag_operator.py
[2024-06-24T04:00:42.599+0000] {processor.py:830} INFO - Processing file /home/airflow/.local/lib/python3.12/site-packages/airflow/example_dags/example_subdag_operator.py for tasks to queue
[2024-06-24T04:00:42.600+0000] {logging_mixin.py:188} INFO - [2024-06-24T04:00:42.600+0000] {dagbag.py:545} INFO - Filling up the DagBag from /home/airflow/.local/lib/python3.12/site-packages/airflow/example_dags/example_subdag_operator.py
[2024-06-24T04:00:42.615+0000] {processor.py:840} INFO - DAG(s) 'example_subdag_operator.section-1', 'example_subdag_operator.section-2', 'example_subdag_operator' retrieved from /home/airflow/.local/lib/python3.12/site-packages/airflow/example_dags/example_subdag_operator.py
[2024-06-24T04:00:42.672+0000] {logging_mixin.py:188} INFO - [2024-06-24T04:00:42.672+0000] {dag.py:3096} INFO - Sync 3 DAGs
[2024-06-24T04:00:42.682+0000] {logging_mixin.py:188} INFO - [2024-06-24T04:00:42.682+0000] {dag.py:3954} INFO - Setting next_dagrun for example_subdag_operator to 2022-01-01 00:00:00+00:00, run_after=2022-01-01 00:00:00+00:00
[2024-06-24T04:00:42.684+0000] {logging_mixin.py:188} INFO - [2024-06-24T04:00:42.684+0000] {dag.py:3954} INFO - Setting next_dagrun for example_subdag_operator.section-1 to None, run_after=None
[2024-06-24T04:00:42.685+0000] {logging_mixin.py:188} INFO - [2024-06-24T04:00:42.685+0000] {dag.py:3954} INFO - Setting next_dagrun for example_subdag_operator.section-2 to None, run_after=None
[2024-06-24T04:00:42.690+0000] {logging_mixin.py:188} INFO - [2024-06-24T04:00:42.690+0000] {dag.py:3096} INFO - Sync 2 DAGs
[2024-06-24T04:00:42.692+0000] {logging_mixin.py:188} INFO - [2024-06-24T04:00:42.692+0000] {dag.py:3954} INFO - Setting next_dagrun for example_subdag_operator.section-1 to None, run_after=None
[2024-06-24T04:00:42.692+0000] {logging_mixin.py:188} INFO - [2024-06-24T04:00:42.692+0000] {dag.py:3954} INFO - Setting next_dagrun for example_subdag_operator.section-2 to None, run_after=None
[2024-06-24T04:00:42.697+0000] {processor.py:183} INFO - Processing /home/airflow/.local/lib/python3.12/site-packages/airflow/example_dags/example_subdag_operator.py took 0.103 seconds
[2024-06-24T04:01:13.561+0000] {processor.py:161} INFO - Started process (PID=153) to work on /home/airflow/.local/lib/python3.12/site-packages/airflow/example_dags/example_subdag_operator.py
[2024-06-24T04:01:13.562+0000] {processor.py:830} INFO - Processing file /home/airflow/.local/lib/python3.12/site-packages/airflow/example_dags/example_subdag_operator.py for tasks to queue
[2024-06-24T04:01:13.563+0000] {logging_mixin.py:188} INFO - [2024-06-24T04:01:13.563+0000] {dagbag.py:545} INFO - Filling up the DagBag from /home/airflow/.local/lib/python3.12/site-packages/airflow/example_dags/example_subdag_operator.py
[2024-06-24T04:01:13.578+0000] {processor.py:840} INFO - DAG(s) 'example_subdag_operator.section-1', 'example_subdag_operator.section-2', 'example_subdag_operator' retrieved from /home/airflow/.local/lib/python3.12/site-packages/airflow/example_dags/example_subdag_operator.py
[2024-06-24T04:01:13.587+0000] {logging_mixin.py:188} INFO - [2024-06-24T04:01:13.586+0000] {dag.py:3096} INFO - Sync 3 DAGs
[2024-06-24T04:01:13.610+0000] {logging_mixin.py:188} INFO - [2024-06-24T04:01:13.610+0000] {dag.py:3954} INFO - Setting next_dagrun for example_subdag_operator to 2022-01-01 00:00:00+00:00, run_after=2022-01-01 00:00:00+00:00
[2024-06-24T04:01:13.612+0000] {logging_mixin.py:188} INFO - [2024-06-24T04:01:13.612+0000] {dag.py:3954} INFO - Setting next_dagrun for example_subdag_operator.section-1 to None, run_after=None
[2024-06-24T04:01:13.613+0000] {logging_mixin.py:188} INFO - [2024-06-24T04:01:13.613+0000] {dag.py:3954} INFO - Setting next_dagrun for example_subdag_operator.section-2 to None, run_after=None
[2024-06-24T04:01:13.618+0000] {logging_mixin.py:188} INFO - [2024-06-24T04:01:13.617+0000] {dag.py:3096} INFO - Sync 2 DAGs
[2024-06-24T04:01:13.620+0000] {logging_mixin.py:188} INFO - [2024-06-24T04:01:13.620+0000] {dag.py:3954} INFO - Setting next_dagrun for example_subdag_operator.section-1 to None, run_after=None
[2024-06-24T04:01:13.621+0000] {logging_mixin.py:188} INFO - [2024-06-24T04:01:13.621+0000] {dag.py:3954} INFO - Setting next_dagrun for example_subdag_operator.section-2 to None, run_after=None
[2024-06-24T04:01:13.626+0000] {processor.py:183} INFO - Processing /home/airflow/.local/lib/python3.12/site-packages/airflow/example_dags/example_subdag_operator.py took 0.069 seconds
[2024-06-24T04:01:44.040+0000] {processor.py:161} INFO - Started process (PID=211) to work on /home/airflow/.local/lib/python3.12/site-packages/airflow/example_dags/example_subdag_operator.py
[2024-06-24T04:01:44.041+0000] {processor.py:830} INFO - Processing file /home/airflow/.local/lib/python3.12/site-packages/airflow/example_dags/example_subdag_operator.py for tasks to queue
[2024-06-24T04:01:44.043+0000] {logging_mixin.py:188} INFO - [2024-06-24T04:01:44.043+0000] {dagbag.py:545} INFO - Filling up the DagBag from /home/airflow/.local/lib/python3.12/site-packages/airflow/example_dags/example_subdag_operator.py
[2024-06-24T04:01:44.061+0000] {processor.py:840} INFO - DAG(s) 'example_subdag_operator.section-1', 'example_subdag_operator.section-2', 'example_subdag_operator' retrieved from /home/airflow/.local/lib/python3.12/site-packages/airflow/example_dags/example_subdag_operator.py
[2024-06-24T04:01:44.069+0000] {logging_mixin.py:188} INFO - [2024-06-24T04:01:44.069+0000] {dag.py:3096} INFO - Sync 3 DAGs
[2024-06-24T04:01:44.091+0000] {logging_mixin.py:188} INFO - [2024-06-24T04:01:44.091+0000] {dag.py:3954} INFO - Setting next_dagrun for example_subdag_operator to 2022-01-01 00:00:00+00:00, run_after=2022-01-01 00:00:00+00:00
[2024-06-24T04:01:44.094+0000] {logging_mixin.py:188} INFO - [2024-06-24T04:01:44.094+0000] {dag.py:3954} INFO - Setting next_dagrun for example_subdag_operator.section-1 to None, run_after=None
[2024-06-24T04:01:44.095+0000] {logging_mixin.py:188} INFO - [2024-06-24T04:01:44.094+0000] {dag.py:3954} INFO - Setting next_dagrun for example_subdag_operator.section-2 to None, run_after=None
[2024-06-24T04:01:44.099+0000] {logging_mixin.py:188} INFO - [2024-06-24T04:01:44.099+0000] {dag.py:3096} INFO - Sync 2 DAGs
[2024-06-24T04:01:44.104+0000] {logging_mixin.py:188} INFO - [2024-06-24T04:01:44.104+0000] {dag.py:3954} INFO - Setting next_dagrun for example_subdag_operator.section-1 to None, run_after=None
[2024-06-24T04:01:44.105+0000] {logging_mixin.py:188} INFO - [2024-06-24T04:01:44.105+0000] {dag.py:3954} INFO - Setting next_dagrun for example_subdag_operator.section-2 to None, run_after=None
[2024-06-24T04:01:44.111+0000] {processor.py:183} INFO - Processing /home/airflow/.local/lib/python3.12/site-packages/airflow/example_dags/example_subdag_operator.py took 0.076 seconds
