[2024-06-24T04:00:13.136+0000] {processor.py:161} INFO - Started process (PID=53) to work on /home/airflow/.local/lib/python3.12/site-packages/airflow/example_dags/example_branch_operator.py
[2024-06-24T04:00:13.138+0000] {processor.py:830} INFO - Processing file /home/airflow/.local/lib/python3.12/site-packages/airflow/example_dags/example_branch_operator.py for tasks to queue
[2024-06-24T04:00:13.141+0000] {logging_mixin.py:188} INFO - [2024-06-24T04:00:13.141+0000] {dagbag.py:545} INFO - Filling up the DagBag from /home/airflow/.local/lib/python3.12/site-packages/airflow/example_dags/example_branch_operator.py
[2024-06-24T04:00:13.186+0000] {processor.py:840} INFO - DAG(s) 'example_branch_operator' retrieved from /home/airflow/.local/lib/python3.12/site-packages/airflow/example_dags/example_branch_operator.py
[2024-06-24T04:00:13.201+0000] {logging_mixin.py:188} INFO - [2024-06-24T04:00:13.200+0000] {dag.py:3096} INFO - Sync 1 DAGs
[2024-06-24T04:00:13.220+0000] {logging_mixin.py:188} INFO - [2024-06-24T04:00:13.220+0000] {dag.py:3954} INFO - Setting next_dagrun for example_branch_operator to 2024-06-23 00:00:00+00:00, run_after=2024-06-24 00:00:00+00:00
[2024-06-24T04:00:13.236+0000] {processor.py:183} INFO - Processing /home/airflow/.local/lib/python3.12/site-packages/airflow/example_dags/example_branch_operator.py took 0.114 seconds
[2024-06-24T04:00:43.609+0000] {processor.py:161} INFO - Started process (PID=111) to work on /home/airflow/.local/lib/python3.12/site-packages/airflow/example_dags/example_branch_operator.py
[2024-06-24T04:00:43.610+0000] {processor.py:830} INFO - Processing file /home/airflow/.local/lib/python3.12/site-packages/airflow/example_dags/example_branch_operator.py for tasks to queue
[2024-06-24T04:00:43.612+0000] {logging_mixin.py:188} INFO - [2024-06-24T04:00:43.612+0000] {dagbag.py:545} INFO - Filling up the DagBag from /home/airflow/.local/lib/python3.12/site-packages/airflow/example_dags/example_branch_operator.py
[2024-06-24T04:00:43.622+0000] {processor.py:840} INFO - DAG(s) 'example_branch_operator' retrieved from /home/airflow/.local/lib/python3.12/site-packages/airflow/example_dags/example_branch_operator.py
[2024-06-24T04:00:43.693+0000] {logging_mixin.py:188} INFO - [2024-06-24T04:00:43.693+0000] {dag.py:3096} INFO - Sync 1 DAGs
[2024-06-24T04:00:43.704+0000] {logging_mixin.py:188} INFO - [2024-06-24T04:00:43.704+0000] {dag.py:3954} INFO - Setting next_dagrun for example_branch_operator to 2024-06-23 00:00:00+00:00, run_after=2024-06-24 00:00:00+00:00
[2024-06-24T04:00:43.715+0000] {processor.py:183} INFO - Processing /home/airflow/.local/lib/python3.12/site-packages/airflow/example_dags/example_branch_operator.py took 0.110 seconds
[2024-06-24T04:01:14.259+0000] {processor.py:161} INFO - Started process (PID=169) to work on /home/airflow/.local/lib/python3.12/site-packages/airflow/example_dags/example_branch_operator.py
[2024-06-24T04:01:14.260+0000] {processor.py:830} INFO - Processing file /home/airflow/.local/lib/python3.12/site-packages/airflow/example_dags/example_branch_operator.py for tasks to queue
[2024-06-24T04:01:14.261+0000] {logging_mixin.py:188} INFO - [2024-06-24T04:01:14.261+0000] {dagbag.py:545} INFO - Filling up the DagBag from /home/airflow/.local/lib/python3.12/site-packages/airflow/example_dags/example_branch_operator.py
[2024-06-24T04:01:14.271+0000] {processor.py:840} INFO - DAG(s) 'example_branch_operator' retrieved from /home/airflow/.local/lib/python3.12/site-packages/airflow/example_dags/example_branch_operator.py
[2024-06-24T04:01:14.285+0000] {logging_mixin.py:188} INFO - [2024-06-24T04:01:14.285+0000] {dag.py:3096} INFO - Sync 1 DAGs
[2024-06-24T04:01:14.297+0000] {logging_mixin.py:188} INFO - [2024-06-24T04:01:14.297+0000] {dag.py:3954} INFO - Setting next_dagrun for example_branch_operator to 2024-06-23 00:00:00+00:00, run_after=2024-06-24 00:00:00+00:00
[2024-06-24T04:01:14.306+0000] {processor.py:183} INFO - Processing /home/airflow/.local/lib/python3.12/site-packages/airflow/example_dags/example_branch_operator.py took 0.051 seconds
[2024-06-24T04:01:44.645+0000] {processor.py:161} INFO - Started process (PID=227) to work on /home/airflow/.local/lib/python3.12/site-packages/airflow/example_dags/example_branch_operator.py
[2024-06-24T04:01:44.646+0000] {processor.py:830} INFO - Processing file /home/airflow/.local/lib/python3.12/site-packages/airflow/example_dags/example_branch_operator.py for tasks to queue
[2024-06-24T04:01:44.647+0000] {logging_mixin.py:188} INFO - [2024-06-24T04:01:44.647+0000] {dagbag.py:545} INFO - Filling up the DagBag from /home/airflow/.local/lib/python3.12/site-packages/airflow/example_dags/example_branch_operator.py
[2024-06-24T04:01:44.657+0000] {processor.py:840} INFO - DAG(s) 'example_branch_operator' retrieved from /home/airflow/.local/lib/python3.12/site-packages/airflow/example_dags/example_branch_operator.py
[2024-06-24T04:01:44.670+0000] {logging_mixin.py:188} INFO - [2024-06-24T04:01:44.670+0000] {dag.py:3096} INFO - Sync 1 DAGs
[2024-06-24T04:01:44.680+0000] {logging_mixin.py:188} INFO - [2024-06-24T04:01:44.680+0000] {dag.py:3954} INFO - Setting next_dagrun for example_branch_operator to 2024-06-23 00:00:00+00:00, run_after=2024-06-24 00:00:00+00:00
[2024-06-24T04:01:44.689+0000] {processor.py:183} INFO - Processing /home/airflow/.local/lib/python3.12/site-packages/airflow/example_dags/example_branch_operator.py took 0.047 seconds
