[2024-06-24T04:00:14.074+0000] {processor.py:161} INFO - Started process (PID=66) to work on /home/airflow/.local/lib/python3.12/site-packages/airflow/example_dags/example_python_operator.py
[2024-06-24T04:00:14.077+0000] {processor.py:830} INFO - Processing file /home/airflow/.local/lib/python3.12/site-packages/airflow/example_dags/example_python_operator.py for tasks to queue
[2024-06-24T04:00:14.081+0000] {logging_mixin.py:188} INFO - [2024-06-24T04:00:14.081+0000] {dagbag.py:545} INFO - Filling up the DagBag from /home/airflow/.local/lib/python3.12/site-packages/airflow/example_dags/example_python_operator.py
[2024-06-24T04:00:14.110+0000] {processor.py:840} INFO - DAG(s) 'example_python_operator' retrieved from /home/airflow/.local/lib/python3.12/site-packages/airflow/example_dags/example_python_operator.py
[2024-06-24T04:00:14.128+0000] {logging_mixin.py:188} INFO - [2024-06-24T04:00:14.128+0000] {dag.py:3096} INFO - Sync 1 DAGs
[2024-06-24T04:00:14.141+0000] {logging_mixin.py:188} INFO - [2024-06-24T04:00:14.141+0000] {dag.py:3954} INFO - Setting next_dagrun for example_python_operator to None, run_after=None
[2024-06-24T04:00:14.162+0000] {processor.py:183} INFO - Processing /home/airflow/.local/lib/python3.12/site-packages/airflow/example_dags/example_python_operator.py took 0.099 seconds
[2024-06-24T04:00:44.321+0000] {processor.py:161} INFO - Started process (PID=124) to work on /home/airflow/.local/lib/python3.12/site-packages/airflow/example_dags/example_python_operator.py
[2024-06-24T04:00:44.322+0000] {processor.py:830} INFO - Processing file /home/airflow/.local/lib/python3.12/site-packages/airflow/example_dags/example_python_operator.py for tasks to queue
[2024-06-24T04:00:44.323+0000] {logging_mixin.py:188} INFO - [2024-06-24T04:00:44.323+0000] {dagbag.py:545} INFO - Filling up the DagBag from /home/airflow/.local/lib/python3.12/site-packages/airflow/example_dags/example_python_operator.py
[2024-06-24T04:00:44.329+0000] {processor.py:840} INFO - DAG(s) 'example_python_operator' retrieved from /home/airflow/.local/lib/python3.12/site-packages/airflow/example_dags/example_python_operator.py
[2024-06-24T04:00:44.385+0000] {logging_mixin.py:188} INFO - [2024-06-24T04:00:44.385+0000] {dag.py:3096} INFO - Sync 1 DAGs
[2024-06-24T04:00:44.390+0000] {logging_mixin.py:188} INFO - [2024-06-24T04:00:44.390+0000] {dag.py:3954} INFO - Setting next_dagrun for example_python_operator to None, run_after=None
[2024-06-24T04:00:44.401+0000] {processor.py:183} INFO - Processing /home/airflow/.local/lib/python3.12/site-packages/airflow/example_dags/example_python_operator.py took 0.084 seconds
[2024-06-24T04:01:14.788+0000] {processor.py:161} INFO - Started process (PID=182) to work on /home/airflow/.local/lib/python3.12/site-packages/airflow/example_dags/example_python_operator.py
[2024-06-24T04:01:14.789+0000] {processor.py:830} INFO - Processing file /home/airflow/.local/lib/python3.12/site-packages/airflow/example_dags/example_python_operator.py for tasks to queue
[2024-06-24T04:01:14.791+0000] {logging_mixin.py:188} INFO - [2024-06-24T04:01:14.790+0000] {dagbag.py:545} INFO - Filling up the DagBag from /home/airflow/.local/lib/python3.12/site-packages/airflow/example_dags/example_python_operator.py
[2024-06-24T04:01:14.797+0000] {processor.py:840} INFO - DAG(s) 'example_python_operator' retrieved from /home/airflow/.local/lib/python3.12/site-packages/airflow/example_dags/example_python_operator.py
[2024-06-24T04:01:14.810+0000] {logging_mixin.py:188} INFO - [2024-06-24T04:01:14.810+0000] {dag.py:3096} INFO - Sync 1 DAGs
[2024-06-24T04:01:14.817+0000] {logging_mixin.py:188} INFO - [2024-06-24T04:01:14.817+0000] {dag.py:3954} INFO - Setting next_dagrun for example_python_operator to None, run_after=None
[2024-06-24T04:01:14.827+0000] {processor.py:183} INFO - Processing /home/airflow/.local/lib/python3.12/site-packages/airflow/example_dags/example_python_operator.py took 0.042 seconds
[2024-06-24T04:01:45.146+0000] {processor.py:161} INFO - Started process (PID=240) to work on /home/airflow/.local/lib/python3.12/site-packages/airflow/example_dags/example_python_operator.py
[2024-06-24T04:01:45.146+0000] {processor.py:830} INFO - Processing file /home/airflow/.local/lib/python3.12/site-packages/airflow/example_dags/example_python_operator.py for tasks to queue
[2024-06-24T04:01:45.148+0000] {logging_mixin.py:188} INFO - [2024-06-24T04:01:45.147+0000] {dagbag.py:545} INFO - Filling up the DagBag from /home/airflow/.local/lib/python3.12/site-packages/airflow/example_dags/example_python_operator.py
[2024-06-24T04:01:45.154+0000] {processor.py:840} INFO - DAG(s) 'example_python_operator' retrieved from /home/airflow/.local/lib/python3.12/site-packages/airflow/example_dags/example_python_operator.py
[2024-06-24T04:01:45.165+0000] {logging_mixin.py:188} INFO - [2024-06-24T04:01:45.165+0000] {dag.py:3096} INFO - Sync 1 DAGs
[2024-06-24T04:01:45.172+0000] {logging_mixin.py:188} INFO - [2024-06-24T04:01:45.171+0000] {dag.py:3954} INFO - Setting next_dagrun for example_python_operator to None, run_after=None
[2024-06-24T04:01:45.181+0000] {processor.py:183} INFO - Processing /home/airflow/.local/lib/python3.12/site-packages/airflow/example_dags/example_python_operator.py took 0.040 seconds
