[2024-06-24T04:00:12.735+0000] {processor.py:161} INFO - Started process (PID=47) to work on /home/airflow/.local/lib/python3.12/site-packages/airflow/example_dags/example_branch_python_dop_operator_3.py
[2024-06-24T04:00:12.736+0000] {processor.py:830} INFO - Processing file /home/airflow/.local/lib/python3.12/site-packages/airflow/example_dags/example_branch_python_dop_operator_3.py for tasks to queue
[2024-06-24T04:00:12.739+0000] {logging_mixin.py:188} INFO - [2024-06-24T04:00:12.738+0000] {dagbag.py:545} INFO - Filling up the DagBag from /home/airflow/.local/lib/python3.12/site-packages/airflow/example_dags/example_branch_python_dop_operator_3.py
[2024-06-24T04:00:12.749+0000] {processor.py:840} INFO - DAG(s) 'example_branch_dop_operator_v3' retrieved from /home/airflow/.local/lib/python3.12/site-packages/airflow/example_dags/example_branch_python_dop_operator_3.py
[2024-06-24T04:00:12.762+0000] {logging_mixin.py:188} INFO - [2024-06-24T04:00:12.762+0000] {dag.py:3096} INFO - Sync 1 DAGs
[2024-06-24T04:00:12.787+0000] {logging_mixin.py:188} INFO - [2024-06-24T04:00:12.787+0000] {dag.py:3954} INFO - Setting next_dagrun for example_branch_dop_operator_v3 to 2024-06-24 03:59:00+00:00, run_after=2024-06-24 04:00:00+00:00
[2024-06-24T04:00:12.815+0000] {processor.py:183} INFO - Processing /home/airflow/.local/lib/python3.12/site-packages/airflow/example_dags/example_branch_python_dop_operator_3.py took 0.087 seconds
[2024-06-24T04:00:43.220+0000] {processor.py:161} INFO - Started process (PID=105) to work on /home/airflow/.local/lib/python3.12/site-packages/airflow/example_dags/example_branch_python_dop_operator_3.py
[2024-06-24T04:00:43.221+0000] {processor.py:830} INFO - Processing file /home/airflow/.local/lib/python3.12/site-packages/airflow/example_dags/example_branch_python_dop_operator_3.py for tasks to queue
[2024-06-24T04:00:43.223+0000] {logging_mixin.py:188} INFO - [2024-06-24T04:00:43.222+0000] {dagbag.py:545} INFO - Filling up the DagBag from /home/airflow/.local/lib/python3.12/site-packages/airflow/example_dags/example_branch_python_dop_operator_3.py
[2024-06-24T04:00:43.230+0000] {processor.py:840} INFO - DAG(s) 'example_branch_dop_operator_v3' retrieved from /home/airflow/.local/lib/python3.12/site-packages/airflow/example_dags/example_branch_python_dop_operator_3.py
[2024-06-24T04:00:43.343+0000] {logging_mixin.py:188} INFO - [2024-06-24T04:00:43.342+0000] {dag.py:3096} INFO - Sync 1 DAGs
[2024-06-24T04:00:43.360+0000] {logging_mixin.py:188} INFO - [2024-06-24T04:00:43.359+0000] {dag.py:3954} INFO - Setting next_dagrun for example_branch_dop_operator_v3 to 2024-06-24 03:59:00+00:00, run_after=2024-06-24 04:00:00+00:00
[2024-06-24T04:00:43.371+0000] {processor.py:183} INFO - Processing /home/airflow/.local/lib/python3.12/site-packages/airflow/example_dags/example_branch_python_dop_operator_3.py took 0.157 seconds
[2024-06-24T04:01:13.999+0000] {processor.py:161} INFO - Started process (PID=163) to work on /home/airflow/.local/lib/python3.12/site-packages/airflow/example_dags/example_branch_python_dop_operator_3.py
[2024-06-24T04:01:14.000+0000] {processor.py:830} INFO - Processing file /home/airflow/.local/lib/python3.12/site-packages/airflow/example_dags/example_branch_python_dop_operator_3.py for tasks to queue
[2024-06-24T04:01:14.001+0000] {logging_mixin.py:188} INFO - [2024-06-24T04:01:14.001+0000] {dagbag.py:545} INFO - Filling up the DagBag from /home/airflow/.local/lib/python3.12/site-packages/airflow/example_dags/example_branch_python_dop_operator_3.py
[2024-06-24T04:01:14.007+0000] {processor.py:840} INFO - DAG(s) 'example_branch_dop_operator_v3' retrieved from /home/airflow/.local/lib/python3.12/site-packages/airflow/example_dags/example_branch_python_dop_operator_3.py
[2024-06-24T04:01:14.020+0000] {logging_mixin.py:188} INFO - [2024-06-24T04:01:14.020+0000] {dag.py:3096} INFO - Sync 1 DAGs
[2024-06-24T04:01:14.032+0000] {logging_mixin.py:188} INFO - [2024-06-24T04:01:14.032+0000] {dag.py:3954} INFO - Setting next_dagrun for example_branch_dop_operator_v3 to 2024-06-24 04:00:00+00:00, run_after=2024-06-24 04:01:00+00:00
[2024-06-24T04:01:14.041+0000] {processor.py:183} INFO - Processing /home/airflow/.local/lib/python3.12/site-packages/airflow/example_dags/example_branch_python_dop_operator_3.py took 0.045 seconds
[2024-06-24T04:01:44.427+0000] {processor.py:161} INFO - Started process (PID=221) to work on /home/airflow/.local/lib/python3.12/site-packages/airflow/example_dags/example_branch_python_dop_operator_3.py
[2024-06-24T04:01:44.428+0000] {processor.py:830} INFO - Processing file /home/airflow/.local/lib/python3.12/site-packages/airflow/example_dags/example_branch_python_dop_operator_3.py for tasks to queue
[2024-06-24T04:01:44.429+0000] {logging_mixin.py:188} INFO - [2024-06-24T04:01:44.429+0000] {dagbag.py:545} INFO - Filling up the DagBag from /home/airflow/.local/lib/python3.12/site-packages/airflow/example_dags/example_branch_python_dop_operator_3.py
[2024-06-24T04:01:44.435+0000] {processor.py:840} INFO - DAG(s) 'example_branch_dop_operator_v3' retrieved from /home/airflow/.local/lib/python3.12/site-packages/airflow/example_dags/example_branch_python_dop_operator_3.py
[2024-06-24T04:01:44.446+0000] {logging_mixin.py:188} INFO - [2024-06-24T04:01:44.446+0000] {dag.py:3096} INFO - Sync 1 DAGs
[2024-06-24T04:01:44.458+0000] {logging_mixin.py:188} INFO - [2024-06-24T04:01:44.458+0000] {dag.py:3954} INFO - Setting next_dagrun for example_branch_dop_operator_v3 to 2024-06-24 04:00:00+00:00, run_after=2024-06-24 04:01:00+00:00
[2024-06-24T04:01:44.467+0000] {processor.py:183} INFO - Processing /home/airflow/.local/lib/python3.12/site-packages/airflow/example_dags/example_branch_python_dop_operator_3.py took 0.043 seconds
