[2024-06-24T04:00:14.352+0000] {processor.py:161} INFO - Started process (PID=70) to work on /home/airflow/.local/lib/python3.12/site-packages/airflow/example_dags/example_sensor_decorator.py
[2024-06-24T04:00:14.354+0000] {processor.py:830} INFO - Processing file /home/airflow/.local/lib/python3.12/site-packages/airflow/example_dags/example_sensor_decorator.py for tasks to queue
[2024-06-24T04:00:14.356+0000] {logging_mixin.py:188} INFO - [2024-06-24T04:00:14.356+0000] {dagbag.py:545} INFO - Filling up the DagBag from /home/airflow/.local/lib/python3.12/site-packages/airflow/example_dags/example_sensor_decorator.py
[2024-06-24T04:00:14.363+0000] {processor.py:840} INFO - DAG(s) 'example_sensor_decorator' retrieved from /home/airflow/.local/lib/python3.12/site-packages/airflow/example_dags/example_sensor_decorator.py
[2024-06-24T04:00:14.392+0000] {logging_mixin.py:188} INFO - [2024-06-24T04:00:14.392+0000] {dag.py:3096} INFO - Sync 1 DAGs
[2024-06-24T04:00:14.410+0000] {logging_mixin.py:188} INFO - [2024-06-24T04:00:14.410+0000] {dag.py:3954} INFO - Setting next_dagrun for example_sensor_decorator to None, run_after=None
[2024-06-24T04:00:14.429+0000] {processor.py:183} INFO - Processing /home/airflow/.local/lib/python3.12/site-packages/airflow/example_dags/example_sensor_decorator.py took 0.083 seconds
[2024-06-24T04:00:44.520+0000] {processor.py:161} INFO - Started process (PID=128) to work on /home/airflow/.local/lib/python3.12/site-packages/airflow/example_dags/example_sensor_decorator.py
[2024-06-24T04:00:44.521+0000] {processor.py:830} INFO - Processing file /home/airflow/.local/lib/python3.12/site-packages/airflow/example_dags/example_sensor_decorator.py for tasks to queue
[2024-06-24T04:00:44.522+0000] {logging_mixin.py:188} INFO - [2024-06-24T04:00:44.522+0000] {dagbag.py:545} INFO - Filling up the DagBag from /home/airflow/.local/lib/python3.12/site-packages/airflow/example_dags/example_sensor_decorator.py
[2024-06-24T04:00:44.526+0000] {processor.py:840} INFO - DAG(s) 'example_sensor_decorator' retrieved from /home/airflow/.local/lib/python3.12/site-packages/airflow/example_dags/example_sensor_decorator.py
[2024-06-24T04:00:44.578+0000] {logging_mixin.py:188} INFO - [2024-06-24T04:00:44.578+0000] {dag.py:3096} INFO - Sync 1 DAGs
[2024-06-24T04:00:44.584+0000] {logging_mixin.py:188} INFO - [2024-06-24T04:00:44.583+0000] {dag.py:3954} INFO - Setting next_dagrun for example_sensor_decorator to None, run_after=None
[2024-06-24T04:00:44.594+0000] {processor.py:183} INFO - Processing /home/airflow/.local/lib/python3.12/site-packages/airflow/example_dags/example_sensor_decorator.py took 0.078 seconds
[2024-06-24T04:01:14.957+0000] {processor.py:161} INFO - Started process (PID=186) to work on /home/airflow/.local/lib/python3.12/site-packages/airflow/example_dags/example_sensor_decorator.py
[2024-06-24T04:01:14.958+0000] {processor.py:830} INFO - Processing file /home/airflow/.local/lib/python3.12/site-packages/airflow/example_dags/example_sensor_decorator.py for tasks to queue
[2024-06-24T04:01:14.959+0000] {logging_mixin.py:188} INFO - [2024-06-24T04:01:14.959+0000] {dagbag.py:545} INFO - Filling up the DagBag from /home/airflow/.local/lib/python3.12/site-packages/airflow/example_dags/example_sensor_decorator.py
[2024-06-24T04:01:14.964+0000] {processor.py:840} INFO - DAG(s) 'example_sensor_decorator' retrieved from /home/airflow/.local/lib/python3.12/site-packages/airflow/example_dags/example_sensor_decorator.py
[2024-06-24T04:01:14.976+0000] {logging_mixin.py:188} INFO - [2024-06-24T04:01:14.976+0000] {dag.py:3096} INFO - Sync 1 DAGs
[2024-06-24T04:01:14.982+0000] {logging_mixin.py:188} INFO - [2024-06-24T04:01:14.982+0000] {dag.py:3954} INFO - Setting next_dagrun for example_sensor_decorator to None, run_after=None
[2024-06-24T04:01:14.992+0000] {processor.py:183} INFO - Processing /home/airflow/.local/lib/python3.12/site-packages/airflow/example_dags/example_sensor_decorator.py took 0.039 seconds
[2024-06-24T04:01:45.261+0000] {processor.py:161} INFO - Started process (PID=244) to work on /home/airflow/.local/lib/python3.12/site-packages/airflow/example_dags/example_sensor_decorator.py
[2024-06-24T04:01:45.261+0000] {processor.py:830} INFO - Processing file /home/airflow/.local/lib/python3.12/site-packages/airflow/example_dags/example_sensor_decorator.py for tasks to queue
[2024-06-24T04:01:45.262+0000] {logging_mixin.py:188} INFO - [2024-06-24T04:01:45.262+0000] {dagbag.py:545} INFO - Filling up the DagBag from /home/airflow/.local/lib/python3.12/site-packages/airflow/example_dags/example_sensor_decorator.py
[2024-06-24T04:01:45.266+0000] {processor.py:840} INFO - DAG(s) 'example_sensor_decorator' retrieved from /home/airflow/.local/lib/python3.12/site-packages/airflow/example_dags/example_sensor_decorator.py
[2024-06-24T04:01:45.277+0000] {logging_mixin.py:188} INFO - [2024-06-24T04:01:45.277+0000] {dag.py:3096} INFO - Sync 1 DAGs
[2024-06-24T04:01:45.283+0000] {logging_mixin.py:188} INFO - [2024-06-24T04:01:45.283+0000] {dag.py:3954} INFO - Setting next_dagrun for example_sensor_decorator to None, run_after=None
[2024-06-24T04:01:45.293+0000] {processor.py:183} INFO - Processing /home/airflow/.local/lib/python3.12/site-packages/airflow/example_dags/example_sensor_decorator.py took 0.036 seconds
