[2024-06-24T04:00:11.457+0000] {processor.py:161} INFO - Started process (PID=32) to work on /home/airflow/.local/lib/python3.12/site-packages/airflow/example_dags/example_time_delta_sensor_async.py
[2024-06-24T04:00:11.459+0000] {processor.py:830} INFO - Processing file /home/airflow/.local/lib/python3.12/site-packages/airflow/example_dags/example_time_delta_sensor_async.py for tasks to queue
[2024-06-24T04:00:11.463+0000] {logging_mixin.py:188} INFO - [2024-06-24T04:00:11.463+0000] {dagbag.py:545} INFO - Filling up the DagBag from /home/airflow/.local/lib/python3.12/site-packages/airflow/example_dags/example_time_delta_sensor_async.py
[2024-06-24T04:00:11.475+0000] {processor.py:840} INFO - DAG(s) 'example_time_delta_sensor_async' retrieved from /home/airflow/.local/lib/python3.12/site-packages/airflow/example_dags/example_time_delta_sensor_async.py
[2024-06-24T04:00:11.546+0000] {logging_mixin.py:188} INFO - [2024-06-24T04:00:11.546+0000] {dag.py:3096} INFO - Sync 1 DAGs
[2024-06-24T04:00:11.566+0000] {logging_mixin.py:188} INFO - [2024-06-24T04:00:11.566+0000] {dag.py:3954} INFO - Setting next_dagrun for example_time_delta_sensor_async to None, run_after=None
[2024-06-24T04:00:11.585+0000] {processor.py:183} INFO - Processing /home/airflow/.local/lib/python3.12/site-packages/airflow/example_dags/example_time_delta_sensor_async.py took 0.153 seconds
[2024-06-24T04:00:41.914+0000] {processor.py:161} INFO - Started process (PID=90) to work on /home/airflow/.local/lib/python3.12/site-packages/airflow/example_dags/example_time_delta_sensor_async.py
[2024-06-24T04:00:41.917+0000] {processor.py:830} INFO - Processing file /home/airflow/.local/lib/python3.12/site-packages/airflow/example_dags/example_time_delta_sensor_async.py for tasks to queue
[2024-06-24T04:00:41.932+0000] {logging_mixin.py:188} INFO - [2024-06-24T04:00:41.931+0000] {dagbag.py:545} INFO - Filling up the DagBag from /home/airflow/.local/lib/python3.12/site-packages/airflow/example_dags/example_time_delta_sensor_async.py
[2024-06-24T04:00:41.949+0000] {processor.py:840} INFO - DAG(s) 'example_time_delta_sensor_async' retrieved from /home/airflow/.local/lib/python3.12/site-packages/airflow/example_dags/example_time_delta_sensor_async.py
[2024-06-24T04:00:42.214+0000] {logging_mixin.py:188} INFO - [2024-06-24T04:00:42.213+0000] {dag.py:3096} INFO - Sync 1 DAGs
[2024-06-24T04:00:42.227+0000] {logging_mixin.py:188} INFO - [2024-06-24T04:00:42.227+0000] {dag.py:3954} INFO - Setting next_dagrun for example_time_delta_sensor_async to None, run_after=None
[2024-06-24T04:00:42.257+0000] {processor.py:183} INFO - Processing /home/airflow/.local/lib/python3.12/site-packages/airflow/example_dags/example_time_delta_sensor_async.py took 0.367 seconds
[2024-06-24T04:01:13.265+0000] {processor.py:161} INFO - Started process (PID=148) to work on /home/airflow/.local/lib/python3.12/site-packages/airflow/example_dags/example_time_delta_sensor_async.py
[2024-06-24T04:01:13.267+0000] {processor.py:830} INFO - Processing file /home/airflow/.local/lib/python3.12/site-packages/airflow/example_dags/example_time_delta_sensor_async.py for tasks to queue
[2024-06-24T04:01:13.271+0000] {logging_mixin.py:188} INFO - [2024-06-24T04:01:13.270+0000] {dagbag.py:545} INFO - Filling up the DagBag from /home/airflow/.local/lib/python3.12/site-packages/airflow/example_dags/example_time_delta_sensor_async.py
[2024-06-24T04:01:13.291+0000] {processor.py:840} INFO - DAG(s) 'example_time_delta_sensor_async' retrieved from /home/airflow/.local/lib/python3.12/site-packages/airflow/example_dags/example_time_delta_sensor_async.py
[2024-06-24T04:01:13.318+0000] {logging_mixin.py:188} INFO - [2024-06-24T04:01:13.318+0000] {dag.py:3096} INFO - Sync 1 DAGs
[2024-06-24T04:01:13.329+0000] {logging_mixin.py:188} INFO - [2024-06-24T04:01:13.329+0000] {dag.py:3954} INFO - Setting next_dagrun for example_time_delta_sensor_async to None, run_after=None
[2024-06-24T04:01:13.343+0000] {processor.py:183} INFO - Processing /home/airflow/.local/lib/python3.12/site-packages/airflow/example_dags/example_time_delta_sensor_async.py took 0.089 seconds
[2024-06-24T04:01:43.744+0000] {processor.py:161} INFO - Started process (PID=206) to work on /home/airflow/.local/lib/python3.12/site-packages/airflow/example_dags/example_time_delta_sensor_async.py
[2024-06-24T04:01:43.745+0000] {processor.py:830} INFO - Processing file /home/airflow/.local/lib/python3.12/site-packages/airflow/example_dags/example_time_delta_sensor_async.py for tasks to queue
[2024-06-24T04:01:43.750+0000] {logging_mixin.py:188} INFO - [2024-06-24T04:01:43.749+0000] {dagbag.py:545} INFO - Filling up the DagBag from /home/airflow/.local/lib/python3.12/site-packages/airflow/example_dags/example_time_delta_sensor_async.py
[2024-06-24T04:01:43.760+0000] {processor.py:840} INFO - DAG(s) 'example_time_delta_sensor_async' retrieved from /home/airflow/.local/lib/python3.12/site-packages/airflow/example_dags/example_time_delta_sensor_async.py
[2024-06-24T04:01:43.789+0000] {logging_mixin.py:188} INFO - [2024-06-24T04:01:43.789+0000] {dag.py:3096} INFO - Sync 1 DAGs
[2024-06-24T04:01:43.801+0000] {logging_mixin.py:188} INFO - [2024-06-24T04:01:43.801+0000] {dag.py:3954} INFO - Setting next_dagrun for example_time_delta_sensor_async to None, run_after=None
[2024-06-24T04:01:43.816+0000] {processor.py:183} INFO - Processing /home/airflow/.local/lib/python3.12/site-packages/airflow/example_dags/example_time_delta_sensor_async.py took 0.099 seconds
