[2024-06-24T04:00:14.605+0000] {processor.py:161} INFO - Started process (PID=73) to work on /home/airflow/.local/lib/python3.12/site-packages/airflow/example_dags/example_datasets.py
[2024-06-24T04:00:14.606+0000] {processor.py:830} INFO - Processing file /home/airflow/.local/lib/python3.12/site-packages/airflow/example_dags/example_datasets.py for tasks to queue
[2024-06-24T04:00:14.614+0000] {logging_mixin.py:188} INFO - [2024-06-24T04:00:14.613+0000] {dagbag.py:545} INFO - Filling up the DagBag from /home/airflow/.local/lib/python3.12/site-packages/airflow/example_dags/example_datasets.py
[2024-06-24T04:00:14.644+0000] {processor.py:840} INFO - DAG(s) 'conditional_dataset_and_time_based_timetable', 'dataset_consumes_1_never_scheduled', 'consume_1_or_2_with_dataset_expressions', 'dataset_consumes_1_and_2', 'consume_1_and_2_with_dataset_expressions', 'dataset_consumes_1', 'dataset_consumes_unknown_never_scheduled', 'consume_1_or_both_2_and_3_with_dataset_expressions', 'dataset_produces_2', 'dataset_produces_1' retrieved from /home/airflow/.local/lib/python3.12/site-packages/airflow/example_dags/example_datasets.py
[2024-06-24T04:00:14.669+0000] {logging_mixin.py:188} INFO - [2024-06-24T04:00:14.669+0000] {dag.py:3096} INFO - Sync 10 DAGs
[2024-06-24T04:00:14.699+0000] {logging_mixin.py:188} INFO - [2024-06-24T04:00:14.699+0000] {dag.py:3954} INFO - Setting next_dagrun for conditional_dataset_and_time_based_timetable to 2024-06-19 01:00:00+00:00, run_after=2024-06-19 01:00:00+00:00
[2024-06-24T04:00:14.702+0000] {logging_mixin.py:188} INFO - [2024-06-24T04:00:14.702+0000] {dag.py:3954} INFO - Setting next_dagrun for consume_1_and_2_with_dataset_expressions to None, run_after=None
[2024-06-24T04:00:14.703+0000] {logging_mixin.py:188} INFO - [2024-06-24T04:00:14.703+0000] {dag.py:3954} INFO - Setting next_dagrun for consume_1_or_2_with_dataset_expressions to None, run_after=None
[2024-06-24T04:00:14.704+0000] {logging_mixin.py:188} INFO - [2024-06-24T04:00:14.704+0000] {dag.py:3954} INFO - Setting next_dagrun for consume_1_or_both_2_and_3_with_dataset_expressions to None, run_after=None
[2024-06-24T04:00:14.705+0000] {logging_mixin.py:188} INFO - [2024-06-24T04:00:14.705+0000] {dag.py:3954} INFO - Setting next_dagrun for dataset_consumes_1 to None, run_after=None
[2024-06-24T04:00:14.707+0000] {logging_mixin.py:188} INFO - [2024-06-24T04:00:14.706+0000] {dag.py:3954} INFO - Setting next_dagrun for dataset_consumes_1_and_2 to None, run_after=None
[2024-06-24T04:00:14.708+0000] {logging_mixin.py:188} INFO - [2024-06-24T04:00:14.708+0000] {dag.py:3954} INFO - Setting next_dagrun for dataset_consumes_1_never_scheduled to None, run_after=None
[2024-06-24T04:00:14.709+0000] {logging_mixin.py:188} INFO - [2024-06-24T04:00:14.709+0000] {dag.py:3954} INFO - Setting next_dagrun for dataset_consumes_unknown_never_scheduled to None, run_after=None
[2024-06-24T04:00:14.710+0000] {logging_mixin.py:188} INFO - [2024-06-24T04:00:14.710+0000] {dag.py:3954} INFO - Setting next_dagrun for dataset_produces_1 to 2024-06-23 00:00:00+00:00, run_after=2024-06-24 00:00:00+00:00
[2024-06-24T04:00:14.711+0000] {logging_mixin.py:188} INFO - [2024-06-24T04:00:14.710+0000] {dag.py:3954} INFO - Setting next_dagrun for dataset_produces_2 to None, run_after=None
[2024-06-24T04:00:14.734+0000] {processor.py:183} INFO - Processing /home/airflow/.local/lib/python3.12/site-packages/airflow/example_dags/example_datasets.py took 0.134 seconds
[2024-06-24T04:00:45.649+0000] {processor.py:161} INFO - Started process (PID=131) to work on /home/airflow/.local/lib/python3.12/site-packages/airflow/example_dags/example_datasets.py
[2024-06-24T04:00:45.651+0000] {processor.py:830} INFO - Processing file /home/airflow/.local/lib/python3.12/site-packages/airflow/example_dags/example_datasets.py for tasks to queue
[2024-06-24T04:00:45.653+0000] {logging_mixin.py:188} INFO - [2024-06-24T04:00:45.653+0000] {dagbag.py:545} INFO - Filling up the DagBag from /home/airflow/.local/lib/python3.12/site-packages/airflow/example_dags/example_datasets.py
[2024-06-24T04:00:45.681+0000] {processor.py:840} INFO - DAG(s) 'dataset_consumes_1_never_scheduled', 'dataset_consumes_unknown_never_scheduled', 'dataset_produces_1', 'consume_1_or_2_with_dataset_expressions', 'dataset_consumes_1', 'dataset_produces_2', 'conditional_dataset_and_time_based_timetable', 'consume_1_or_both_2_and_3_with_dataset_expressions', 'consume_1_and_2_with_dataset_expressions', 'dataset_consumes_1_and_2' retrieved from /home/airflow/.local/lib/python3.12/site-packages/airflow/example_dags/example_datasets.py
[2024-06-24T04:00:45.796+0000] {logging_mixin.py:188} INFO - [2024-06-24T04:00:45.795+0000] {dag.py:3096} INFO - Sync 10 DAGs
[2024-06-24T04:00:45.808+0000] {logging_mixin.py:188} INFO - [2024-06-24T04:00:45.808+0000] {dag.py:3954} INFO - Setting next_dagrun for conditional_dataset_and_time_based_timetable to 2024-06-19 01:00:00+00:00, run_after=2024-06-19 01:00:00+00:00
[2024-06-24T04:00:45.809+0000] {logging_mixin.py:188} INFO - [2024-06-24T04:00:45.809+0000] {dag.py:3954} INFO - Setting next_dagrun for consume_1_and_2_with_dataset_expressions to None, run_after=None
[2024-06-24T04:00:45.810+0000] {logging_mixin.py:188} INFO - [2024-06-24T04:00:45.810+0000] {dag.py:3954} INFO - Setting next_dagrun for consume_1_or_2_with_dataset_expressions to None, run_after=None
[2024-06-24T04:00:45.811+0000] {logging_mixin.py:188} INFO - [2024-06-24T04:00:45.811+0000] {dag.py:3954} INFO - Setting next_dagrun for consume_1_or_both_2_and_3_with_dataset_expressions to None, run_after=None
[2024-06-24T04:00:45.811+0000] {logging_mixin.py:188} INFO - [2024-06-24T04:00:45.811+0000] {dag.py:3954} INFO - Setting next_dagrun for dataset_consumes_1 to None, run_after=None
[2024-06-24T04:00:45.812+0000] {logging_mixin.py:188} INFO - [2024-06-24T04:00:45.812+0000] {dag.py:3954} INFO - Setting next_dagrun for dataset_consumes_1_and_2 to None, run_after=None
[2024-06-24T04:00:45.813+0000] {logging_mixin.py:188} INFO - [2024-06-24T04:00:45.813+0000] {dag.py:3954} INFO - Setting next_dagrun for dataset_consumes_1_never_scheduled to None, run_after=None
[2024-06-24T04:00:45.814+0000] {logging_mixin.py:188} INFO - [2024-06-24T04:00:45.813+0000] {dag.py:3954} INFO - Setting next_dagrun for dataset_consumes_unknown_never_scheduled to None, run_after=None
[2024-06-24T04:00:45.815+0000] {logging_mixin.py:188} INFO - [2024-06-24T04:00:45.815+0000] {dag.py:3954} INFO - Setting next_dagrun for dataset_produces_1 to 2024-06-23 00:00:00+00:00, run_after=2024-06-24 00:00:00+00:00
[2024-06-24T04:00:45.815+0000] {logging_mixin.py:188} INFO - [2024-06-24T04:00:45.815+0000] {dag.py:3954} INFO - Setting next_dagrun for dataset_produces_2 to None, run_after=None
[2024-06-24T04:00:45.833+0000] {processor.py:183} INFO - Processing /home/airflow/.local/lib/python3.12/site-packages/airflow/example_dags/example_datasets.py took 0.195 seconds
[2024-06-24T04:01:16.041+0000] {processor.py:161} INFO - Started process (PID=189) to work on /home/airflow/.local/lib/python3.12/site-packages/airflow/example_dags/example_datasets.py
[2024-06-24T04:01:16.042+0000] {processor.py:830} INFO - Processing file /home/airflow/.local/lib/python3.12/site-packages/airflow/example_dags/example_datasets.py for tasks to queue
[2024-06-24T04:01:16.044+0000] {logging_mixin.py:188} INFO - [2024-06-24T04:01:16.044+0000] {dagbag.py:545} INFO - Filling up the DagBag from /home/airflow/.local/lib/python3.12/site-packages/airflow/example_dags/example_datasets.py
[2024-06-24T04:01:16.053+0000] {processor.py:840} INFO - DAG(s) 'dataset_produces_1', 'dataset_produces_2', 'conditional_dataset_and_time_based_timetable', 'dataset_consumes_1_and_2', 'consume_1_and_2_with_dataset_expressions', 'consume_1_or_both_2_and_3_with_dataset_expressions', 'dataset_consumes_unknown_never_scheduled', 'consume_1_or_2_with_dataset_expressions', 'dataset_consumes_1', 'dataset_consumes_1_never_scheduled' retrieved from /home/airflow/.local/lib/python3.12/site-packages/airflow/example_dags/example_datasets.py
[2024-06-24T04:01:16.082+0000] {logging_mixin.py:188} INFO - [2024-06-24T04:01:16.082+0000] {dag.py:3096} INFO - Sync 10 DAGs
[2024-06-24T04:01:16.098+0000] {logging_mixin.py:188} INFO - [2024-06-24T04:01:16.097+0000] {dag.py:3954} INFO - Setting next_dagrun for conditional_dataset_and_time_based_timetable to 2024-06-19 01:00:00+00:00, run_after=2024-06-19 01:00:00+00:00
[2024-06-24T04:01:16.100+0000] {logging_mixin.py:188} INFO - [2024-06-24T04:01:16.100+0000] {dag.py:3954} INFO - Setting next_dagrun for consume_1_and_2_with_dataset_expressions to None, run_after=None
[2024-06-24T04:01:16.101+0000] {logging_mixin.py:188} INFO - [2024-06-24T04:01:16.101+0000] {dag.py:3954} INFO - Setting next_dagrun for consume_1_or_2_with_dataset_expressions to None, run_after=None
[2024-06-24T04:01:16.102+0000] {logging_mixin.py:188} INFO - [2024-06-24T04:01:16.102+0000] {dag.py:3954} INFO - Setting next_dagrun for consume_1_or_both_2_and_3_with_dataset_expressions to None, run_after=None
[2024-06-24T04:01:16.103+0000] {logging_mixin.py:188} INFO - [2024-06-24T04:01:16.103+0000] {dag.py:3954} INFO - Setting next_dagrun for dataset_consumes_1 to None, run_after=None
[2024-06-24T04:01:16.104+0000] {logging_mixin.py:188} INFO - [2024-06-24T04:01:16.104+0000] {dag.py:3954} INFO - Setting next_dagrun for dataset_consumes_1_and_2 to None, run_after=None
[2024-06-24T04:01:16.105+0000] {logging_mixin.py:188} INFO - [2024-06-24T04:01:16.105+0000] {dag.py:3954} INFO - Setting next_dagrun for dataset_consumes_1_never_scheduled to None, run_after=None
[2024-06-24T04:01:16.106+0000] {logging_mixin.py:188} INFO - [2024-06-24T04:01:16.106+0000] {dag.py:3954} INFO - Setting next_dagrun for dataset_consumes_unknown_never_scheduled to None, run_after=None
[2024-06-24T04:01:16.107+0000] {logging_mixin.py:188} INFO - [2024-06-24T04:01:16.107+0000] {dag.py:3954} INFO - Setting next_dagrun for dataset_produces_1 to 2024-06-23 00:00:00+00:00, run_after=2024-06-24 00:00:00+00:00
[2024-06-24T04:01:16.108+0000] {logging_mixin.py:188} INFO - [2024-06-24T04:01:16.107+0000] {dag.py:3954} INFO - Setting next_dagrun for dataset_produces_2 to None, run_after=None
[2024-06-24T04:01:16.130+0000] {processor.py:183} INFO - Processing /home/airflow/.local/lib/python3.12/site-packages/airflow/example_dags/example_datasets.py took 0.096 seconds
[2024-06-24T04:01:46.325+0000] {processor.py:161} INFO - Started process (PID=247) to work on /home/airflow/.local/lib/python3.12/site-packages/airflow/example_dags/example_datasets.py
[2024-06-24T04:01:46.326+0000] {processor.py:830} INFO - Processing file /home/airflow/.local/lib/python3.12/site-packages/airflow/example_dags/example_datasets.py for tasks to queue
[2024-06-24T04:01:46.328+0000] {logging_mixin.py:188} INFO - [2024-06-24T04:01:46.327+0000] {dagbag.py:545} INFO - Filling up the DagBag from /home/airflow/.local/lib/python3.12/site-packages/airflow/example_dags/example_datasets.py
[2024-06-24T04:01:46.336+0000] {processor.py:840} INFO - DAG(s) 'consume_1_or_both_2_and_3_with_dataset_expressions', 'dataset_consumes_1_and_2', 'consume_1_and_2_with_dataset_expressions', 'dataset_consumes_1_never_scheduled', 'dataset_consumes_unknown_never_scheduled', 'consume_1_or_2_with_dataset_expressions', 'dataset_consumes_1', 'dataset_produces_2', 'dataset_produces_1', 'conditional_dataset_and_time_based_timetable' retrieved from /home/airflow/.local/lib/python3.12/site-packages/airflow/example_dags/example_datasets.py
[2024-06-24T04:01:46.358+0000] {logging_mixin.py:188} INFO - [2024-06-24T04:01:46.358+0000] {dag.py:3096} INFO - Sync 10 DAGs
[2024-06-24T04:01:46.371+0000] {logging_mixin.py:188} INFO - [2024-06-24T04:01:46.371+0000] {dag.py:3954} INFO - Setting next_dagrun for conditional_dataset_and_time_based_timetable to 2024-06-19 01:00:00+00:00, run_after=2024-06-19 01:00:00+00:00
[2024-06-24T04:01:46.374+0000] {logging_mixin.py:188} INFO - [2024-06-24T04:01:46.374+0000] {dag.py:3954} INFO - Setting next_dagrun for consume_1_and_2_with_dataset_expressions to None, run_after=None
[2024-06-24T04:01:46.375+0000] {logging_mixin.py:188} INFO - [2024-06-24T04:01:46.375+0000] {dag.py:3954} INFO - Setting next_dagrun for consume_1_or_2_with_dataset_expressions to None, run_after=None
[2024-06-24T04:01:46.375+0000] {logging_mixin.py:188} INFO - [2024-06-24T04:01:46.375+0000] {dag.py:3954} INFO - Setting next_dagrun for consume_1_or_both_2_and_3_with_dataset_expressions to None, run_after=None
[2024-06-24T04:01:46.376+0000] {logging_mixin.py:188} INFO - [2024-06-24T04:01:46.376+0000] {dag.py:3954} INFO - Setting next_dagrun for dataset_consumes_1 to None, run_after=None
[2024-06-24T04:01:46.377+0000] {logging_mixin.py:188} INFO - [2024-06-24T04:01:46.376+0000] {dag.py:3954} INFO - Setting next_dagrun for dataset_consumes_1_and_2 to None, run_after=None
[2024-06-24T04:01:46.377+0000] {logging_mixin.py:188} INFO - [2024-06-24T04:01:46.377+0000] {dag.py:3954} INFO - Setting next_dagrun for dataset_consumes_1_never_scheduled to None, run_after=None
[2024-06-24T04:01:46.378+0000] {logging_mixin.py:188} INFO - [2024-06-24T04:01:46.378+0000] {dag.py:3954} INFO - Setting next_dagrun for dataset_consumes_unknown_never_scheduled to None, run_after=None
[2024-06-24T04:01:46.379+0000] {logging_mixin.py:188} INFO - [2024-06-24T04:01:46.379+0000] {dag.py:3954} INFO - Setting next_dagrun for dataset_produces_1 to 2024-06-23 00:00:00+00:00, run_after=2024-06-24 00:00:00+00:00
[2024-06-24T04:01:46.380+0000] {logging_mixin.py:188} INFO - [2024-06-24T04:01:46.379+0000] {dag.py:3954} INFO - Setting next_dagrun for dataset_produces_2 to None, run_after=None
[2024-06-24T04:01:46.396+0000] {processor.py:183} INFO - Processing /home/airflow/.local/lib/python3.12/site-packages/airflow/example_dags/example_datasets.py took 0.074 seconds
