[2024-06-24T04:00:13.419+0000] {processor.py:161} INFO - Started process (PID=58) to work on /home/airflow/.local/lib/python3.12/site-packages/airflow/example_dags/example_bash_operator.py
[2024-06-24T04:00:13.420+0000] {processor.py:830} INFO - Processing file /home/airflow/.local/lib/python3.12/site-packages/airflow/example_dags/example_bash_operator.py for tasks to queue
[2024-06-24T04:00:13.422+0000] {logging_mixin.py:188} INFO - [2024-06-24T04:00:13.421+0000] {dagbag.py:545} INFO - Filling up the DagBag from /home/airflow/.local/lib/python3.12/site-packages/airflow/example_dags/example_bash_operator.py
[2024-06-24T04:00:13.431+0000] {processor.py:840} INFO - DAG(s) 'example_bash_operator' retrieved from /home/airflow/.local/lib/python3.12/site-packages/airflow/example_dags/example_bash_operator.py
[2024-06-24T04:00:13.443+0000] {logging_mixin.py:188} INFO - [2024-06-24T04:00:13.443+0000] {dag.py:3096} INFO - Sync 1 DAGs
[2024-06-24T04:00:13.464+0000] {logging_mixin.py:188} INFO - [2024-06-24T04:00:13.464+0000] {dag.py:3954} INFO - Setting next_dagrun for example_bash_operator to 2024-06-23 00:00:00+00:00, run_after=2024-06-24 00:00:00+00:00
[2024-06-24T04:00:13.498+0000] {processor.py:183} INFO - Processing /home/airflow/.local/lib/python3.12/site-packages/airflow/example_dags/example_bash_operator.py took 0.085 seconds
[2024-06-24T04:00:43.853+0000] {processor.py:161} INFO - Started process (PID=116) to work on /home/airflow/.local/lib/python3.12/site-packages/airflow/example_dags/example_bash_operator.py
[2024-06-24T04:00:43.854+0000] {processor.py:830} INFO - Processing file /home/airflow/.local/lib/python3.12/site-packages/airflow/example_dags/example_bash_operator.py for tasks to queue
[2024-06-24T04:00:43.856+0000] {logging_mixin.py:188} INFO - [2024-06-24T04:00:43.856+0000] {dagbag.py:545} INFO - Filling up the DagBag from /home/airflow/.local/lib/python3.12/site-packages/airflow/example_dags/example_bash_operator.py
[2024-06-24T04:00:43.870+0000] {processor.py:840} INFO - DAG(s) 'example_bash_operator' retrieved from /home/airflow/.local/lib/python3.12/site-packages/airflow/example_dags/example_bash_operator.py
[2024-06-24T04:00:43.928+0000] {logging_mixin.py:188} INFO - [2024-06-24T04:00:43.928+0000] {dag.py:3096} INFO - Sync 1 DAGs
[2024-06-24T04:00:43.941+0000] {logging_mixin.py:188} INFO - [2024-06-24T04:00:43.940+0000] {dag.py:3954} INFO - Setting next_dagrun for example_bash_operator to 2024-06-23 00:00:00+00:00, run_after=2024-06-24 00:00:00+00:00
[2024-06-24T04:00:43.952+0000] {processor.py:183} INFO - Processing /home/airflow/.local/lib/python3.12/site-packages/airflow/example_dags/example_bash_operator.py took 0.103 seconds
[2024-06-24T04:01:14.436+0000] {processor.py:161} INFO - Started process (PID=174) to work on /home/airflow/.local/lib/python3.12/site-packages/airflow/example_dags/example_bash_operator.py
[2024-06-24T04:01:14.437+0000] {processor.py:830} INFO - Processing file /home/airflow/.local/lib/python3.12/site-packages/airflow/example_dags/example_bash_operator.py for tasks to queue
[2024-06-24T04:01:14.438+0000] {logging_mixin.py:188} INFO - [2024-06-24T04:01:14.438+0000] {dagbag.py:545} INFO - Filling up the DagBag from /home/airflow/.local/lib/python3.12/site-packages/airflow/example_dags/example_bash_operator.py
[2024-06-24T04:01:14.444+0000] {processor.py:840} INFO - DAG(s) 'example_bash_operator' retrieved from /home/airflow/.local/lib/python3.12/site-packages/airflow/example_dags/example_bash_operator.py
[2024-06-24T04:01:14.458+0000] {logging_mixin.py:188} INFO - [2024-06-24T04:01:14.458+0000] {dag.py:3096} INFO - Sync 1 DAGs
[2024-06-24T04:01:14.470+0000] {logging_mixin.py:188} INFO - [2024-06-24T04:01:14.470+0000] {dag.py:3954} INFO - Setting next_dagrun for example_bash_operator to 2024-06-23 00:00:00+00:00, run_after=2024-06-24 00:00:00+00:00
[2024-06-24T04:01:14.480+0000] {processor.py:183} INFO - Processing /home/airflow/.local/lib/python3.12/site-packages/airflow/example_dags/example_bash_operator.py took 0.048 seconds
[2024-06-24T04:01:44.812+0000] {processor.py:161} INFO - Started process (PID=232) to work on /home/airflow/.local/lib/python3.12/site-packages/airflow/example_dags/example_bash_operator.py
[2024-06-24T04:01:44.812+0000] {processor.py:830} INFO - Processing file /home/airflow/.local/lib/python3.12/site-packages/airflow/example_dags/example_bash_operator.py for tasks to queue
[2024-06-24T04:01:44.813+0000] {logging_mixin.py:188} INFO - [2024-06-24T04:01:44.813+0000] {dagbag.py:545} INFO - Filling up the DagBag from /home/airflow/.local/lib/python3.12/site-packages/airflow/example_dags/example_bash_operator.py
[2024-06-24T04:01:44.819+0000] {processor.py:840} INFO - DAG(s) 'example_bash_operator' retrieved from /home/airflow/.local/lib/python3.12/site-packages/airflow/example_dags/example_bash_operator.py
[2024-06-24T04:01:44.833+0000] {logging_mixin.py:188} INFO - [2024-06-24T04:01:44.833+0000] {dag.py:3096} INFO - Sync 1 DAGs
[2024-06-24T04:01:44.844+0000] {logging_mixin.py:188} INFO - [2024-06-24T04:01:44.843+0000] {dag.py:3954} INFO - Setting next_dagrun for example_bash_operator to 2024-06-23 00:00:00+00:00, run_after=2024-06-24 00:00:00+00:00
[2024-06-24T04:01:44.853+0000] {processor.py:183} INFO - Processing /home/airflow/.local/lib/python3.12/site-packages/airflow/example_dags/example_bash_operator.py took 0.045 seconds
