[2024-06-24T04:00:14.481+0000] {processor.py:161} INFO - Started process (PID=71) to work on /home/airflow/.local/lib/python3.12/site-packages/airflow/example_dags/example_setup_teardown.py
[2024-06-24T04:00:14.485+0000] {processor.py:830} INFO - Processing file /home/airflow/.local/lib/python3.12/site-packages/airflow/example_dags/example_setup_teardown.py for tasks to queue
[2024-06-24T04:00:14.492+0000] {logging_mixin.py:188} INFO - [2024-06-24T04:00:14.491+0000] {dagbag.py:545} INFO - Filling up the DagBag from /home/airflow/.local/lib/python3.12/site-packages/airflow/example_dags/example_setup_teardown.py
[2024-06-24T04:00:14.505+0000] {processor.py:840} INFO - DAG(s) 'example_setup_teardown' retrieved from /home/airflow/.local/lib/python3.12/site-packages/airflow/example_dags/example_setup_teardown.py
[2024-06-24T04:00:14.519+0000] {logging_mixin.py:188} INFO - [2024-06-24T04:00:14.519+0000] {dag.py:3096} INFO - Sync 1 DAGs
[2024-06-24T04:00:14.555+0000] {logging_mixin.py:188} INFO - [2024-06-24T04:00:14.555+0000] {dag.py:3954} INFO - Setting next_dagrun for example_setup_teardown to 2024-06-23 00:00:00+00:00, run_after=2024-06-24 00:00:00+00:00
[2024-06-24T04:00:14.569+0000] {processor.py:183} INFO - Processing /home/airflow/.local/lib/python3.12/site-packages/airflow/example_dags/example_setup_teardown.py took 0.102 seconds
[2024-06-24T04:00:44.585+0000] {processor.py:161} INFO - Started process (PID=129) to work on /home/airflow/.local/lib/python3.12/site-packages/airflow/example_dags/example_setup_teardown.py
[2024-06-24T04:00:44.586+0000] {processor.py:830} INFO - Processing file /home/airflow/.local/lib/python3.12/site-packages/airflow/example_dags/example_setup_teardown.py for tasks to queue
[2024-06-24T04:00:44.588+0000] {logging_mixin.py:188} INFO - [2024-06-24T04:00:44.588+0000] {dagbag.py:545} INFO - Filling up the DagBag from /home/airflow/.local/lib/python3.12/site-packages/airflow/example_dags/example_setup_teardown.py
[2024-06-24T04:00:44.593+0000] {processor.py:840} INFO - DAG(s) 'example_setup_teardown' retrieved from /home/airflow/.local/lib/python3.12/site-packages/airflow/example_dags/example_setup_teardown.py
[2024-06-24T04:00:44.642+0000] {logging_mixin.py:188} INFO - [2024-06-24T04:00:44.642+0000] {dag.py:3096} INFO - Sync 1 DAGs
[2024-06-24T04:00:44.651+0000] {logging_mixin.py:188} INFO - [2024-06-24T04:00:44.651+0000] {dag.py:3954} INFO - Setting next_dagrun for example_setup_teardown to 2024-06-23 00:00:00+00:00, run_after=2024-06-24 00:00:00+00:00
[2024-06-24T04:00:44.660+0000] {processor.py:183} INFO - Processing /home/airflow/.local/lib/python3.12/site-packages/airflow/example_dags/example_setup_teardown.py took 0.078 seconds
[2024-06-24T04:01:14.960+0000] {processor.py:161} INFO - Started process (PID=187) to work on /home/airflow/.local/lib/python3.12/site-packages/airflow/example_dags/example_setup_teardown.py
[2024-06-24T04:01:14.961+0000] {processor.py:830} INFO - Processing file /home/airflow/.local/lib/python3.12/site-packages/airflow/example_dags/example_setup_teardown.py for tasks to queue
[2024-06-24T04:01:14.962+0000] {logging_mixin.py:188} INFO - [2024-06-24T04:01:14.962+0000] {dagbag.py:545} INFO - Filling up the DagBag from /home/airflow/.local/lib/python3.12/site-packages/airflow/example_dags/example_setup_teardown.py
[2024-06-24T04:01:14.966+0000] {processor.py:840} INFO - DAG(s) 'example_setup_teardown' retrieved from /home/airflow/.local/lib/python3.12/site-packages/airflow/example_dags/example_setup_teardown.py
[2024-06-24T04:01:14.977+0000] {logging_mixin.py:188} INFO - [2024-06-24T04:01:14.977+0000] {dag.py:3096} INFO - Sync 1 DAGs
[2024-06-24T04:01:14.988+0000] {logging_mixin.py:188} INFO - [2024-06-24T04:01:14.987+0000] {dag.py:3954} INFO - Setting next_dagrun for example_setup_teardown to 2024-06-23 00:00:00+00:00, run_after=2024-06-24 00:00:00+00:00
[2024-06-24T04:01:14.997+0000] {processor.py:183} INFO - Processing /home/airflow/.local/lib/python3.12/site-packages/airflow/example_dags/example_setup_teardown.py took 0.041 seconds
[2024-06-24T04:01:45.310+0000] {processor.py:161} INFO - Started process (PID=245) to work on /home/airflow/.local/lib/python3.12/site-packages/airflow/example_dags/example_setup_teardown.py
[2024-06-24T04:01:45.311+0000] {processor.py:830} INFO - Processing file /home/airflow/.local/lib/python3.12/site-packages/airflow/example_dags/example_setup_teardown.py for tasks to queue
[2024-06-24T04:01:45.312+0000] {logging_mixin.py:188} INFO - [2024-06-24T04:01:45.312+0000] {dagbag.py:545} INFO - Filling up the DagBag from /home/airflow/.local/lib/python3.12/site-packages/airflow/example_dags/example_setup_teardown.py
[2024-06-24T04:01:45.317+0000] {processor.py:840} INFO - DAG(s) 'example_setup_teardown' retrieved from /home/airflow/.local/lib/python3.12/site-packages/airflow/example_dags/example_setup_teardown.py
[2024-06-24T04:01:45.328+0000] {logging_mixin.py:188} INFO - [2024-06-24T04:01:45.328+0000] {dag.py:3096} INFO - Sync 1 DAGs
[2024-06-24T04:01:45.338+0000] {logging_mixin.py:188} INFO - [2024-06-24T04:01:45.338+0000] {dag.py:3954} INFO - Setting next_dagrun for example_setup_teardown to 2024-06-23 00:00:00+00:00, run_after=2024-06-24 00:00:00+00:00
[2024-06-24T04:01:45.348+0000] {processor.py:183} INFO - Processing /home/airflow/.local/lib/python3.12/site-packages/airflow/example_dags/example_setup_teardown.py took 0.041 seconds
