[2024-06-24T04:00:12.216+0000] {processor.py:161} INFO - Started process (PID=39) to work on /home/airflow/.local/lib/python3.12/site-packages/airflow/example_dags/example_sensors.py
[2024-06-24T04:00:12.216+0000] {processor.py:830} INFO - Processing file /home/airflow/.local/lib/python3.12/site-packages/airflow/example_dags/example_sensors.py for tasks to queue
[2024-06-24T04:00:12.218+0000] {logging_mixin.py:188} INFO - [2024-06-24T04:00:12.218+0000] {dagbag.py:545} INFO - Filling up the DagBag from /home/airflow/.local/lib/python3.12/site-packages/airflow/example_dags/example_sensors.py
[2024-06-24T04:00:12.225+0000] {processor.py:840} INFO - DAG(s) 'example_sensors' retrieved from /home/airflow/.local/lib/python3.12/site-packages/airflow/example_dags/example_sensors.py
[2024-06-24T04:00:12.234+0000] {logging_mixin.py:188} INFO - [2024-06-24T04:00:12.234+0000] {dag.py:3096} INFO - Sync 1 DAGs
[2024-06-24T04:00:12.242+0000] {logging_mixin.py:188} INFO - [2024-06-24T04:00:12.241+0000] {dag.py:3954} INFO - Setting next_dagrun for example_sensors to None, run_after=None
[2024-06-24T04:00:12.258+0000] {processor.py:183} INFO - Processing /home/airflow/.local/lib/python3.12/site-packages/airflow/example_dags/example_sensors.py took 0.047 seconds
[2024-06-24T04:00:42.714+0000] {processor.py:161} INFO - Started process (PID=97) to work on /home/airflow/.local/lib/python3.12/site-packages/airflow/example_dags/example_sensors.py
[2024-06-24T04:00:42.715+0000] {processor.py:830} INFO - Processing file /home/airflow/.local/lib/python3.12/site-packages/airflow/example_dags/example_sensors.py for tasks to queue
[2024-06-24T04:00:42.716+0000] {logging_mixin.py:188} INFO - [2024-06-24T04:00:42.716+0000] {dagbag.py:545} INFO - Filling up the DagBag from /home/airflow/.local/lib/python3.12/site-packages/airflow/example_dags/example_sensors.py
[2024-06-24T04:00:42.721+0000] {processor.py:840} INFO - DAG(s) 'example_sensors' retrieved from /home/airflow/.local/lib/python3.12/site-packages/airflow/example_dags/example_sensors.py
[2024-06-24T04:00:42.776+0000] {logging_mixin.py:188} INFO - [2024-06-24T04:00:42.776+0000] {dag.py:3096} INFO - Sync 1 DAGs
[2024-06-24T04:00:42.781+0000] {logging_mixin.py:188} INFO - [2024-06-24T04:00:42.781+0000] {dag.py:3954} INFO - Setting next_dagrun for example_sensors to None, run_after=None
[2024-06-24T04:00:42.791+0000] {processor.py:183} INFO - Processing /home/airflow/.local/lib/python3.12/site-packages/airflow/example_dags/example_sensors.py took 0.081 seconds
[2024-06-24T04:01:13.643+0000] {processor.py:161} INFO - Started process (PID=155) to work on /home/airflow/.local/lib/python3.12/site-packages/airflow/example_dags/example_sensors.py
[2024-06-24T04:01:13.644+0000] {processor.py:830} INFO - Processing file /home/airflow/.local/lib/python3.12/site-packages/airflow/example_dags/example_sensors.py for tasks to queue
[2024-06-24T04:01:13.645+0000] {logging_mixin.py:188} INFO - [2024-06-24T04:01:13.645+0000] {dagbag.py:545} INFO - Filling up the DagBag from /home/airflow/.local/lib/python3.12/site-packages/airflow/example_dags/example_sensors.py
[2024-06-24T04:01:13.650+0000] {processor.py:840} INFO - DAG(s) 'example_sensors' retrieved from /home/airflow/.local/lib/python3.12/site-packages/airflow/example_dags/example_sensors.py
[2024-06-24T04:01:13.664+0000] {logging_mixin.py:188} INFO - [2024-06-24T04:01:13.664+0000] {dag.py:3096} INFO - Sync 1 DAGs
[2024-06-24T04:01:13.671+0000] {logging_mixin.py:188} INFO - [2024-06-24T04:01:13.671+0000] {dag.py:3954} INFO - Setting next_dagrun for example_sensors to None, run_after=None
[2024-06-24T04:01:13.680+0000] {processor.py:183} INFO - Processing /home/airflow/.local/lib/python3.12/site-packages/airflow/example_dags/example_sensors.py took 0.040 seconds
[2024-06-24T04:01:44.194+0000] {processor.py:161} INFO - Started process (PID=213) to work on /home/airflow/.local/lib/python3.12/site-packages/airflow/example_dags/example_sensors.py
[2024-06-24T04:01:44.195+0000] {processor.py:830} INFO - Processing file /home/airflow/.local/lib/python3.12/site-packages/airflow/example_dags/example_sensors.py for tasks to queue
[2024-06-24T04:01:44.196+0000] {logging_mixin.py:188} INFO - [2024-06-24T04:01:44.196+0000] {dagbag.py:545} INFO - Filling up the DagBag from /home/airflow/.local/lib/python3.12/site-packages/airflow/example_dags/example_sensors.py
[2024-06-24T04:01:44.203+0000] {processor.py:840} INFO - DAG(s) 'example_sensors' retrieved from /home/airflow/.local/lib/python3.12/site-packages/airflow/example_dags/example_sensors.py
[2024-06-24T04:01:44.217+0000] {logging_mixin.py:188} INFO - [2024-06-24T04:01:44.217+0000] {dag.py:3096} INFO - Sync 1 DAGs
[2024-06-24T04:01:44.223+0000] {logging_mixin.py:188} INFO - [2024-06-24T04:01:44.223+0000] {dag.py:3954} INFO - Setting next_dagrun for example_sensors to None, run_after=None
[2024-06-24T04:01:44.232+0000] {processor.py:183} INFO - Processing /home/airflow/.local/lib/python3.12/site-packages/airflow/example_dags/example_sensors.py took 0.044 seconds
