[2024-06-24T04:00:12.489+0000] {processor.py:161} INFO - Started process (PID=44) to work on /home/airflow/.local/lib/python3.12/site-packages/airflow/example_dags/example_task_group.py
[2024-06-24T04:00:12.491+0000] {processor.py:830} INFO - Processing file /home/airflow/.local/lib/python3.12/site-packages/airflow/example_dags/example_task_group.py for tasks to queue
[2024-06-24T04:00:12.494+0000] {logging_mixin.py:188} INFO - [2024-06-24T04:00:12.493+0000] {dagbag.py:545} INFO - Filling up the DagBag from /home/airflow/.local/lib/python3.12/site-packages/airflow/example_dags/example_task_group.py
[2024-06-24T04:00:12.505+0000] {processor.py:840} INFO - DAG(s) 'example_task_group' retrieved from /home/airflow/.local/lib/python3.12/site-packages/airflow/example_dags/example_task_group.py
[2024-06-24T04:00:12.521+0000] {logging_mixin.py:188} INFO - [2024-06-24T04:00:12.521+0000] {dag.py:3096} INFO - Sync 1 DAGs
[2024-06-24T04:00:12.564+0000] {logging_mixin.py:188} INFO - [2024-06-24T04:00:12.563+0000] {dag.py:3954} INFO - Setting next_dagrun for example_task_group to 2024-06-23 00:00:00+00:00, run_after=2024-06-24 00:00:00+00:00
[2024-06-24T04:00:12.592+0000] {processor.py:183} INFO - Processing /home/airflow/.local/lib/python3.12/site-packages/airflow/example_dags/example_task_group.py took 0.120 seconds
[2024-06-24T04:00:42.965+0000] {processor.py:161} INFO - Started process (PID=102) to work on /home/airflow/.local/lib/python3.12/site-packages/airflow/example_dags/example_task_group.py
[2024-06-24T04:00:42.966+0000] {processor.py:830} INFO - Processing file /home/airflow/.local/lib/python3.12/site-packages/airflow/example_dags/example_task_group.py for tasks to queue
[2024-06-24T04:00:42.968+0000] {logging_mixin.py:188} INFO - [2024-06-24T04:00:42.968+0000] {dagbag.py:545} INFO - Filling up the DagBag from /home/airflow/.local/lib/python3.12/site-packages/airflow/example_dags/example_task_group.py
[2024-06-24T04:00:42.972+0000] {processor.py:840} INFO - DAG(s) 'example_task_group' retrieved from /home/airflow/.local/lib/python3.12/site-packages/airflow/example_dags/example_task_group.py
[2024-06-24T04:00:43.024+0000] {logging_mixin.py:188} INFO - [2024-06-24T04:00:43.024+0000] {dag.py:3096} INFO - Sync 1 DAGs
[2024-06-24T04:00:43.034+0000] {logging_mixin.py:188} INFO - [2024-06-24T04:00:43.034+0000] {dag.py:3954} INFO - Setting next_dagrun for example_task_group to 2024-06-23 00:00:00+00:00, run_after=2024-06-24 00:00:00+00:00
[2024-06-24T04:00:43.042+0000] {processor.py:183} INFO - Processing /home/airflow/.local/lib/python3.12/site-packages/airflow/example_dags/example_task_group.py took 0.081 seconds
[2024-06-24T04:01:13.888+0000] {processor.py:161} INFO - Started process (PID=160) to work on /home/airflow/.local/lib/python3.12/site-packages/airflow/example_dags/example_task_group.py
[2024-06-24T04:01:13.889+0000] {processor.py:830} INFO - Processing file /home/airflow/.local/lib/python3.12/site-packages/airflow/example_dags/example_task_group.py for tasks to queue
[2024-06-24T04:01:13.890+0000] {logging_mixin.py:188} INFO - [2024-06-24T04:01:13.890+0000] {dagbag.py:545} INFO - Filling up the DagBag from /home/airflow/.local/lib/python3.12/site-packages/airflow/example_dags/example_task_group.py
[2024-06-24T04:01:13.894+0000] {processor.py:840} INFO - DAG(s) 'example_task_group' retrieved from /home/airflow/.local/lib/python3.12/site-packages/airflow/example_dags/example_task_group.py
[2024-06-24T04:01:13.907+0000] {logging_mixin.py:188} INFO - [2024-06-24T04:01:13.907+0000] {dag.py:3096} INFO - Sync 1 DAGs
[2024-06-24T04:01:13.918+0000] {logging_mixin.py:188} INFO - [2024-06-24T04:01:13.918+0000] {dag.py:3954} INFO - Setting next_dagrun for example_task_group to 2024-06-23 00:00:00+00:00, run_after=2024-06-24 00:00:00+00:00
[2024-06-24T04:01:13.927+0000] {processor.py:183} INFO - Processing /home/airflow/.local/lib/python3.12/site-packages/airflow/example_dags/example_task_group.py took 0.043 seconds
[2024-06-24T04:01:44.321+0000] {processor.py:161} INFO - Started process (PID=218) to work on /home/airflow/.local/lib/python3.12/site-packages/airflow/example_dags/example_task_group.py
[2024-06-24T04:01:44.322+0000] {processor.py:830} INFO - Processing file /home/airflow/.local/lib/python3.12/site-packages/airflow/example_dags/example_task_group.py for tasks to queue
[2024-06-24T04:01:44.323+0000] {logging_mixin.py:188} INFO - [2024-06-24T04:01:44.323+0000] {dagbag.py:545} INFO - Filling up the DagBag from /home/airflow/.local/lib/python3.12/site-packages/airflow/example_dags/example_task_group.py
[2024-06-24T04:01:44.327+0000] {processor.py:840} INFO - DAG(s) 'example_task_group' retrieved from /home/airflow/.local/lib/python3.12/site-packages/airflow/example_dags/example_task_group.py
[2024-06-24T04:01:44.340+0000] {logging_mixin.py:188} INFO - [2024-06-24T04:01:44.340+0000] {dag.py:3096} INFO - Sync 1 DAGs
[2024-06-24T04:01:44.351+0000] {logging_mixin.py:188} INFO - [2024-06-24T04:01:44.351+0000] {dag.py:3954} INFO - Setting next_dagrun for example_task_group to 2024-06-23 00:00:00+00:00, run_after=2024-06-24 00:00:00+00:00
[2024-06-24T04:01:44.361+0000] {processor.py:183} INFO - Processing /home/airflow/.local/lib/python3.12/site-packages/airflow/example_dags/example_task_group.py took 0.043 seconds
