[2024-06-24T04:00:12.926+0000] {processor.py:161} INFO - Started process (PID=50) to work on /home/airflow/.local/lib/python3.12/site-packages/airflow/example_dags/example_complex.py
[2024-06-24T04:00:12.926+0000] {processor.py:830} INFO - Processing file /home/airflow/.local/lib/python3.12/site-packages/airflow/example_dags/example_complex.py for tasks to queue
[2024-06-24T04:00:12.928+0000] {logging_mixin.py:188} INFO - [2024-06-24T04:00:12.928+0000] {dagbag.py:545} INFO - Filling up the DagBag from /home/airflow/.local/lib/python3.12/site-packages/airflow/example_dags/example_complex.py
[2024-06-24T04:00:12.937+0000] {processor.py:840} INFO - DAG(s) 'example_complex' retrieved from /home/airflow/.local/lib/python3.12/site-packages/airflow/example_dags/example_complex.py
[2024-06-24T04:00:12.947+0000] {logging_mixin.py:188} INFO - [2024-06-24T04:00:12.947+0000] {dag.py:3096} INFO - Sync 1 DAGs
[2024-06-24T04:00:12.957+0000] {logging_mixin.py:188} INFO - [2024-06-24T04:00:12.956+0000] {dag.py:3954} INFO - Setting next_dagrun for example_complex to None, run_after=None
[2024-06-24T04:00:12.969+0000] {processor.py:183} INFO - Processing /home/airflow/.local/lib/python3.12/site-packages/airflow/example_dags/example_complex.py took 0.048 seconds
[2024-06-24T04:00:43.415+0000] {processor.py:161} INFO - Started process (PID=108) to work on /home/airflow/.local/lib/python3.12/site-packages/airflow/example_dags/example_complex.py
[2024-06-24T04:00:43.416+0000] {processor.py:830} INFO - Processing file /home/airflow/.local/lib/python3.12/site-packages/airflow/example_dags/example_complex.py for tasks to queue
[2024-06-24T04:00:43.418+0000] {logging_mixin.py:188} INFO - [2024-06-24T04:00:43.417+0000] {dagbag.py:545} INFO - Filling up the DagBag from /home/airflow/.local/lib/python3.12/site-packages/airflow/example_dags/example_complex.py
[2024-06-24T04:00:43.423+0000] {processor.py:840} INFO - DAG(s) 'example_complex' retrieved from /home/airflow/.local/lib/python3.12/site-packages/airflow/example_dags/example_complex.py
[2024-06-24T04:00:43.483+0000] {logging_mixin.py:188} INFO - [2024-06-24T04:00:43.482+0000] {dag.py:3096} INFO - Sync 1 DAGs
[2024-06-24T04:00:43.492+0000] {logging_mixin.py:188} INFO - [2024-06-24T04:00:43.492+0000] {dag.py:3954} INFO - Setting next_dagrun for example_complex to None, run_after=None
[2024-06-24T04:00:43.510+0000] {processor.py:183} INFO - Processing /home/airflow/.local/lib/python3.12/site-packages/airflow/example_dags/example_complex.py took 0.099 seconds
[2024-06-24T04:01:14.137+0000] {processor.py:161} INFO - Started process (PID=166) to work on /home/airflow/.local/lib/python3.12/site-packages/airflow/example_dags/example_complex.py
[2024-06-24T04:01:14.138+0000] {processor.py:830} INFO - Processing file /home/airflow/.local/lib/python3.12/site-packages/airflow/example_dags/example_complex.py for tasks to queue
[2024-06-24T04:01:14.140+0000] {logging_mixin.py:188} INFO - [2024-06-24T04:01:14.139+0000] {dagbag.py:545} INFO - Filling up the DagBag from /home/airflow/.local/lib/python3.12/site-packages/airflow/example_dags/example_complex.py
[2024-06-24T04:01:14.146+0000] {processor.py:840} INFO - DAG(s) 'example_complex' retrieved from /home/airflow/.local/lib/python3.12/site-packages/airflow/example_dags/example_complex.py
[2024-06-24T04:01:14.162+0000] {logging_mixin.py:188} INFO - [2024-06-24T04:01:14.162+0000] {dag.py:3096} INFO - Sync 1 DAGs
[2024-06-24T04:01:14.169+0000] {logging_mixin.py:188} INFO - [2024-06-24T04:01:14.169+0000] {dag.py:3954} INFO - Setting next_dagrun for example_complex to None, run_after=None
[2024-06-24T04:01:14.180+0000] {processor.py:183} INFO - Processing /home/airflow/.local/lib/python3.12/site-packages/airflow/example_dags/example_complex.py took 0.047 seconds
[2024-06-24T04:01:44.539+0000] {processor.py:161} INFO - Started process (PID=224) to work on /home/airflow/.local/lib/python3.12/site-packages/airflow/example_dags/example_complex.py
[2024-06-24T04:01:44.539+0000] {processor.py:830} INFO - Processing file /home/airflow/.local/lib/python3.12/site-packages/airflow/example_dags/example_complex.py for tasks to queue
[2024-06-24T04:01:44.541+0000] {logging_mixin.py:188} INFO - [2024-06-24T04:01:44.541+0000] {dagbag.py:545} INFO - Filling up the DagBag from /home/airflow/.local/lib/python3.12/site-packages/airflow/example_dags/example_complex.py
[2024-06-24T04:01:44.547+0000] {processor.py:840} INFO - DAG(s) 'example_complex' retrieved from /home/airflow/.local/lib/python3.12/site-packages/airflow/example_dags/example_complex.py
[2024-06-24T04:01:44.563+0000] {logging_mixin.py:188} INFO - [2024-06-24T04:01:44.563+0000] {dag.py:3096} INFO - Sync 1 DAGs
[2024-06-24T04:01:44.569+0000] {logging_mixin.py:188} INFO - [2024-06-24T04:01:44.569+0000] {dag.py:3954} INFO - Setting next_dagrun for example_complex to None, run_after=None
[2024-06-24T04:01:44.578+0000] {processor.py:183} INFO - Processing /home/airflow/.local/lib/python3.12/site-packages/airflow/example_dags/example_complex.py took 0.043 seconds
