[2024-06-24T04:00:14.754+0000] {processor.py:161} INFO - Started process (PID=75) to work on /home/airflow/.local/lib/python3.12/site-packages/airflow/example_dags/example_task_group_decorator.py
[2024-06-24T04:00:14.755+0000] {processor.py:830} INFO - Processing file /home/airflow/.local/lib/python3.12/site-packages/airflow/example_dags/example_task_group_decorator.py for tasks to queue
[2024-06-24T04:00:14.757+0000] {logging_mixin.py:188} INFO - [2024-06-24T04:00:14.757+0000] {dagbag.py:545} INFO - Filling up the DagBag from /home/airflow/.local/lib/python3.12/site-packages/airflow/example_dags/example_task_group_decorator.py
[2024-06-24T04:00:14.767+0000] {processor.py:840} INFO - DAG(s) 'example_task_group_decorator' retrieved from /home/airflow/.local/lib/python3.12/site-packages/airflow/example_dags/example_task_group_decorator.py
[2024-06-24T04:00:14.784+0000] {logging_mixin.py:188} INFO - [2024-06-24T04:00:14.784+0000] {dag.py:3096} INFO - Sync 1 DAGs
[2024-06-24T04:00:14.810+0000] {logging_mixin.py:188} INFO - [2024-06-24T04:00:14.809+0000] {dag.py:3954} INFO - Setting next_dagrun for example_task_group_decorator to 2024-06-23 00:00:00+00:00, run_after=2024-06-24 00:00:00+00:00
[2024-06-24T04:00:14.825+0000] {processor.py:183} INFO - Processing /home/airflow/.local/lib/python3.12/site-packages/airflow/example_dags/example_task_group_decorator.py took 0.075 seconds
[2024-06-24T04:00:45.850+0000] {processor.py:161} INFO - Started process (PID=133) to work on /home/airflow/.local/lib/python3.12/site-packages/airflow/example_dags/example_task_group_decorator.py
[2024-06-24T04:00:45.851+0000] {processor.py:830} INFO - Processing file /home/airflow/.local/lib/python3.12/site-packages/airflow/example_dags/example_task_group_decorator.py for tasks to queue
[2024-06-24T04:00:45.852+0000] {logging_mixin.py:188} INFO - [2024-06-24T04:00:45.852+0000] {dagbag.py:545} INFO - Filling up the DagBag from /home/airflow/.local/lib/python3.12/site-packages/airflow/example_dags/example_task_group_decorator.py
[2024-06-24T04:00:45.860+0000] {processor.py:840} INFO - DAG(s) 'example_task_group_decorator' retrieved from /home/airflow/.local/lib/python3.12/site-packages/airflow/example_dags/example_task_group_decorator.py
[2024-06-24T04:00:45.915+0000] {logging_mixin.py:188} INFO - [2024-06-24T04:00:45.914+0000] {dag.py:3096} INFO - Sync 1 DAGs
[2024-06-24T04:00:45.925+0000] {logging_mixin.py:188} INFO - [2024-06-24T04:00:45.924+0000] {dag.py:3954} INFO - Setting next_dagrun for example_task_group_decorator to 2024-06-23 00:00:00+00:00, run_after=2024-06-24 00:00:00+00:00
[2024-06-24T04:00:45.935+0000] {processor.py:183} INFO - Processing /home/airflow/.local/lib/python3.12/site-packages/airflow/example_dags/example_task_group_decorator.py took 0.089 seconds
[2024-06-24T04:01:16.149+0000] {processor.py:161} INFO - Started process (PID=191) to work on /home/airflow/.local/lib/python3.12/site-packages/airflow/example_dags/example_task_group_decorator.py
[2024-06-24T04:01:16.150+0000] {processor.py:830} INFO - Processing file /home/airflow/.local/lib/python3.12/site-packages/airflow/example_dags/example_task_group_decorator.py for tasks to queue
[2024-06-24T04:01:16.151+0000] {logging_mixin.py:188} INFO - [2024-06-24T04:01:16.151+0000] {dagbag.py:545} INFO - Filling up the DagBag from /home/airflow/.local/lib/python3.12/site-packages/airflow/example_dags/example_task_group_decorator.py
[2024-06-24T04:01:16.160+0000] {processor.py:840} INFO - DAG(s) 'example_task_group_decorator' retrieved from /home/airflow/.local/lib/python3.12/site-packages/airflow/example_dags/example_task_group_decorator.py
[2024-06-24T04:01:16.181+0000] {logging_mixin.py:188} INFO - [2024-06-24T04:01:16.181+0000] {dag.py:3096} INFO - Sync 1 DAGs
[2024-06-24T04:01:16.193+0000] {logging_mixin.py:188} INFO - [2024-06-24T04:01:16.193+0000] {dag.py:3954} INFO - Setting next_dagrun for example_task_group_decorator to 2024-06-23 00:00:00+00:00, run_after=2024-06-24 00:00:00+00:00
[2024-06-24T04:01:16.203+0000] {processor.py:183} INFO - Processing /home/airflow/.local/lib/python3.12/site-packages/airflow/example_dags/example_task_group_decorator.py took 0.058 seconds
[2024-06-24T04:01:46.411+0000] {processor.py:161} INFO - Started process (PID=249) to work on /home/airflow/.local/lib/python3.12/site-packages/airflow/example_dags/example_task_group_decorator.py
[2024-06-24T04:01:46.412+0000] {processor.py:830} INFO - Processing file /home/airflow/.local/lib/python3.12/site-packages/airflow/example_dags/example_task_group_decorator.py for tasks to queue
[2024-06-24T04:01:46.414+0000] {logging_mixin.py:188} INFO - [2024-06-24T04:01:46.413+0000] {dagbag.py:545} INFO - Filling up the DagBag from /home/airflow/.local/lib/python3.12/site-packages/airflow/example_dags/example_task_group_decorator.py
[2024-06-24T04:01:46.421+0000] {processor.py:840} INFO - DAG(s) 'example_task_group_decorator' retrieved from /home/airflow/.local/lib/python3.12/site-packages/airflow/example_dags/example_task_group_decorator.py
[2024-06-24T04:01:46.435+0000] {logging_mixin.py:188} INFO - [2024-06-24T04:01:46.435+0000] {dag.py:3096} INFO - Sync 1 DAGs
[2024-06-24T04:01:46.446+0000] {logging_mixin.py:188} INFO - [2024-06-24T04:01:46.446+0000] {dag.py:3954} INFO - Setting next_dagrun for example_task_group_decorator to 2024-06-23 00:00:00+00:00, run_after=2024-06-24 00:00:00+00:00
[2024-06-24T04:01:46.455+0000] {processor.py:183} INFO - Processing /home/airflow/.local/lib/python3.12/site-packages/airflow/example_dags/example_task_group_decorator.py took 0.047 seconds
