[2024-06-24T04:00:13.076+0000] {processor.py:161} INFO - Started process (PID=52) to work on /home/airflow/.local/lib/python3.12/site-packages/airflow/example_dags/example_skip_dag.py
[2024-06-24T04:00:13.079+0000] {processor.py:830} INFO - Processing file /home/airflow/.local/lib/python3.12/site-packages/airflow/example_dags/example_skip_dag.py for tasks to queue
[2024-06-24T04:00:13.090+0000] {logging_mixin.py:188} INFO - [2024-06-24T04:00:13.087+0000] {dagbag.py:545} INFO - Filling up the DagBag from /home/airflow/.local/lib/python3.12/site-packages/airflow/example_dags/example_skip_dag.py
[2024-06-24T04:00:13.107+0000] {processor.py:840} INFO - DAG(s) 'example_skip_dag' retrieved from /home/airflow/.local/lib/python3.12/site-packages/airflow/example_dags/example_skip_dag.py
[2024-06-24T04:00:13.118+0000] {logging_mixin.py:188} INFO - [2024-06-24T04:00:13.118+0000] {dag.py:3096} INFO - Sync 1 DAGs
[2024-06-24T04:00:13.155+0000] {logging_mixin.py:188} INFO - [2024-06-24T04:00:13.154+0000] {dag.py:3954} INFO - Setting next_dagrun for example_skip_dag to 2024-06-23 00:00:00+00:00, run_after=2024-06-24 00:00:00+00:00
[2024-06-24T04:00:13.185+0000] {processor.py:183} INFO - Processing /home/airflow/.local/lib/python3.12/site-packages/airflow/example_dags/example_skip_dag.py took 0.128 seconds
[2024-06-24T04:00:43.533+0000] {processor.py:161} INFO - Started process (PID=110) to work on /home/airflow/.local/lib/python3.12/site-packages/airflow/example_dags/example_skip_dag.py
[2024-06-24T04:00:43.534+0000] {processor.py:830} INFO - Processing file /home/airflow/.local/lib/python3.12/site-packages/airflow/example_dags/example_skip_dag.py for tasks to queue
[2024-06-24T04:00:43.535+0000] {logging_mixin.py:188} INFO - [2024-06-24T04:00:43.535+0000] {dagbag.py:545} INFO - Filling up the DagBag from /home/airflow/.local/lib/python3.12/site-packages/airflow/example_dags/example_skip_dag.py
[2024-06-24T04:00:43.539+0000] {processor.py:840} INFO - DAG(s) 'example_skip_dag' retrieved from /home/airflow/.local/lib/python3.12/site-packages/airflow/example_dags/example_skip_dag.py
[2024-06-24T04:00:43.597+0000] {logging_mixin.py:188} INFO - [2024-06-24T04:00:43.596+0000] {dag.py:3096} INFO - Sync 1 DAGs
[2024-06-24T04:00:43.608+0000] {logging_mixin.py:188} INFO - [2024-06-24T04:00:43.608+0000] {dag.py:3954} INFO - Setting next_dagrun for example_skip_dag to 2024-06-23 00:00:00+00:00, run_after=2024-06-24 00:00:00+00:00
[2024-06-24T04:00:43.620+0000] {processor.py:183} INFO - Processing /home/airflow/.local/lib/python3.12/site-packages/airflow/example_dags/example_skip_dag.py took 0.093 seconds
[2024-06-24T04:01:14.198+0000] {processor.py:161} INFO - Started process (PID=168) to work on /home/airflow/.local/lib/python3.12/site-packages/airflow/example_dags/example_skip_dag.py
[2024-06-24T04:01:14.199+0000] {processor.py:830} INFO - Processing file /home/airflow/.local/lib/python3.12/site-packages/airflow/example_dags/example_skip_dag.py for tasks to queue
[2024-06-24T04:01:14.200+0000] {logging_mixin.py:188} INFO - [2024-06-24T04:01:14.200+0000] {dagbag.py:545} INFO - Filling up the DagBag from /home/airflow/.local/lib/python3.12/site-packages/airflow/example_dags/example_skip_dag.py
[2024-06-24T04:01:14.204+0000] {processor.py:840} INFO - DAG(s) 'example_skip_dag' retrieved from /home/airflow/.local/lib/python3.12/site-packages/airflow/example_dags/example_skip_dag.py
[2024-06-24T04:01:14.218+0000] {logging_mixin.py:188} INFO - [2024-06-24T04:01:14.218+0000] {dag.py:3096} INFO - Sync 1 DAGs
[2024-06-24T04:01:14.231+0000] {logging_mixin.py:188} INFO - [2024-06-24T04:01:14.231+0000] {dag.py:3954} INFO - Setting next_dagrun for example_skip_dag to 2024-06-23 00:00:00+00:00, run_after=2024-06-24 00:00:00+00:00
[2024-06-24T04:01:14.241+0000] {processor.py:183} INFO - Processing /home/airflow/.local/lib/python3.12/site-packages/airflow/example_dags/example_skip_dag.py took 0.047 seconds
[2024-06-24T04:01:44.595+0000] {processor.py:161} INFO - Started process (PID=226) to work on /home/airflow/.local/lib/python3.12/site-packages/airflow/example_dags/example_skip_dag.py
[2024-06-24T04:01:44.595+0000] {processor.py:830} INFO - Processing file /home/airflow/.local/lib/python3.12/site-packages/airflow/example_dags/example_skip_dag.py for tasks to queue
[2024-06-24T04:01:44.597+0000] {logging_mixin.py:188} INFO - [2024-06-24T04:01:44.596+0000] {dagbag.py:545} INFO - Filling up the DagBag from /home/airflow/.local/lib/python3.12/site-packages/airflow/example_dags/example_skip_dag.py
[2024-06-24T04:01:44.601+0000] {processor.py:840} INFO - DAG(s) 'example_skip_dag' retrieved from /home/airflow/.local/lib/python3.12/site-packages/airflow/example_dags/example_skip_dag.py
[2024-06-24T04:01:44.612+0000] {logging_mixin.py:188} INFO - [2024-06-24T04:01:44.612+0000] {dag.py:3096} INFO - Sync 1 DAGs
[2024-06-24T04:01:44.622+0000] {logging_mixin.py:188} INFO - [2024-06-24T04:01:44.622+0000] {dag.py:3954} INFO - Setting next_dagrun for example_skip_dag to 2024-06-23 00:00:00+00:00, run_after=2024-06-24 00:00:00+00:00
[2024-06-24T04:01:44.630+0000] {processor.py:183} INFO - Processing /home/airflow/.local/lib/python3.12/site-packages/airflow/example_dags/example_skip_dag.py took 0.039 seconds
