[2024-06-24T04:00:14.803+0000] {processor.py:161} INFO - Started process (PID=76) to work on /home/airflow/.local/lib/python3.12/site-packages/airflow/example_dags/tutorial.py
[2024-06-24T04:00:14.804+0000] {processor.py:830} INFO - Processing file /home/airflow/.local/lib/python3.12/site-packages/airflow/example_dags/tutorial.py for tasks to queue
[2024-06-24T04:00:14.805+0000] {logging_mixin.py:188} INFO - [2024-06-24T04:00:14.805+0000] {dagbag.py:545} INFO - Filling up the DagBag from /home/airflow/.local/lib/python3.12/site-packages/airflow/example_dags/tutorial.py
[2024-06-24T04:00:14.815+0000] {processor.py:840} INFO - DAG(s) 'tutorial' retrieved from /home/airflow/.local/lib/python3.12/site-packages/airflow/example_dags/tutorial.py
[2024-06-24T04:00:14.829+0000] {logging_mixin.py:188} INFO - [2024-06-24T04:00:14.829+0000] {dag.py:3096} INFO - Sync 1 DAGs
[2024-06-24T04:00:14.859+0000] {logging_mixin.py:188} INFO - [2024-06-24T04:00:14.859+0000] {dag.py:3954} INFO - Setting next_dagrun for tutorial to 2024-06-23 00:00:00+00:00, run_after=2024-06-24 00:00:00+00:00
[2024-06-24T04:00:14.874+0000] {processor.py:183} INFO - Processing /home/airflow/.local/lib/python3.12/site-packages/airflow/example_dags/tutorial.py took 0.082 seconds
[2024-06-24T04:00:45.868+0000] {processor.py:161} INFO - Started process (PID=134) to work on /home/airflow/.local/lib/python3.12/site-packages/airflow/example_dags/tutorial.py
[2024-06-24T04:00:45.868+0000] {processor.py:830} INFO - Processing file /home/airflow/.local/lib/python3.12/site-packages/airflow/example_dags/tutorial.py for tasks to queue
[2024-06-24T04:00:45.870+0000] {logging_mixin.py:188} INFO - [2024-06-24T04:00:45.869+0000] {dagbag.py:545} INFO - Filling up the DagBag from /home/airflow/.local/lib/python3.12/site-packages/airflow/example_dags/tutorial.py
[2024-06-24T04:00:45.874+0000] {processor.py:840} INFO - DAG(s) 'tutorial' retrieved from /home/airflow/.local/lib/python3.12/site-packages/airflow/example_dags/tutorial.py
[2024-06-24T04:00:45.923+0000] {logging_mixin.py:188} INFO - [2024-06-24T04:00:45.923+0000] {dag.py:3096} INFO - Sync 1 DAGs
[2024-06-24T04:00:45.933+0000] {logging_mixin.py:188} INFO - [2024-06-24T04:00:45.933+0000] {dag.py:3954} INFO - Setting next_dagrun for tutorial to 2024-06-23 00:00:00+00:00, run_after=2024-06-24 00:00:00+00:00
[2024-06-24T04:00:45.942+0000] {processor.py:183} INFO - Processing /home/airflow/.local/lib/python3.12/site-packages/airflow/example_dags/tutorial.py took 0.078 seconds
[2024-06-24T04:01:16.157+0000] {processor.py:161} INFO - Started process (PID=192) to work on /home/airflow/.local/lib/python3.12/site-packages/airflow/example_dags/tutorial.py
[2024-06-24T04:01:16.158+0000] {processor.py:830} INFO - Processing file /home/airflow/.local/lib/python3.12/site-packages/airflow/example_dags/tutorial.py for tasks to queue
[2024-06-24T04:01:16.159+0000] {logging_mixin.py:188} INFO - [2024-06-24T04:01:16.159+0000] {dagbag.py:545} INFO - Filling up the DagBag from /home/airflow/.local/lib/python3.12/site-packages/airflow/example_dags/tutorial.py
[2024-06-24T04:01:16.164+0000] {processor.py:840} INFO - DAG(s) 'tutorial' retrieved from /home/airflow/.local/lib/python3.12/site-packages/airflow/example_dags/tutorial.py
[2024-06-24T04:01:16.182+0000] {logging_mixin.py:188} INFO - [2024-06-24T04:01:16.182+0000] {dag.py:3096} INFO - Sync 1 DAGs
[2024-06-24T04:01:16.193+0000] {logging_mixin.py:188} INFO - [2024-06-24T04:01:16.193+0000] {dag.py:3954} INFO - Setting next_dagrun for tutorial to 2024-06-23 00:00:00+00:00, run_after=2024-06-24 00:00:00+00:00
[2024-06-24T04:01:16.203+0000] {processor.py:183} INFO - Processing /home/airflow/.local/lib/python3.12/site-packages/airflow/example_dags/tutorial.py took 0.051 seconds
[2024-06-24T04:01:46.423+0000] {processor.py:161} INFO - Started process (PID=250) to work on /home/airflow/.local/lib/python3.12/site-packages/airflow/example_dags/tutorial.py
[2024-06-24T04:01:46.424+0000] {processor.py:830} INFO - Processing file /home/airflow/.local/lib/python3.12/site-packages/airflow/example_dags/tutorial.py for tasks to queue
[2024-06-24T04:01:46.426+0000] {logging_mixin.py:188} INFO - [2024-06-24T04:01:46.425+0000] {dagbag.py:545} INFO - Filling up the DagBag from /home/airflow/.local/lib/python3.12/site-packages/airflow/example_dags/tutorial.py
[2024-06-24T04:01:46.429+0000] {processor.py:840} INFO - DAG(s) 'tutorial' retrieved from /home/airflow/.local/lib/python3.12/site-packages/airflow/example_dags/tutorial.py
[2024-06-24T04:01:46.441+0000] {logging_mixin.py:188} INFO - [2024-06-24T04:01:46.441+0000] {dag.py:3096} INFO - Sync 1 DAGs
[2024-06-24T04:01:46.451+0000] {logging_mixin.py:188} INFO - [2024-06-24T04:01:46.451+0000] {dag.py:3954} INFO - Setting next_dagrun for tutorial to 2024-06-23 00:00:00+00:00, run_after=2024-06-24 00:00:00+00:00
[2024-06-24T04:01:46.460+0000] {processor.py:183} INFO - Processing /home/airflow/.local/lib/python3.12/site-packages/airflow/example_dags/tutorial.py took 0.040 seconds
